INFO: Using directory: "1e4"
INFO: Using existing c-file: ./ILL_IN5.c
INFO: Using existing binary: ./ILL_IN5.out
INFO: ===
Instrument: ILL_IN5 (IN5 disk chopper time-of-flight spectrometer).
  Wavelength lambda=4.5 [Angs]
Chopper 0: L=0.000000 [m] V=890.117919 [rad/s] Phase=0.000000 [mu-sec]           op-times(0.000000+n*0.003529)s +/- 0.000176
Chopper 1: L=5.308300 [m] V=890.117919 [rad/s] Phase=6038.204920 [mu-sec]           op-times(0.006038+n*0.003529)s +/- 0.000176
Chopper 2: L=5.458300 [m] V=890.117919 [rad/s] Phase=6208.830306 [mu-sec]           op-times(0.006209+n*0.003529)s +/- 0.000176
Chopper 3: L=12.428900 [m] V=445.058959 [rad/s] Phase=14137.905757 [mu-sec]           op-times(0.014138+n*0.007059)s +/- 0.000373
Chopper 4: L=12.483900 [m] V=890.117919 [rad/s] Phase=14200.468398 [mu-sec]           op-times(0.014200+n*0.003529)s +/- 0.000186
Chopper 5: L=13.253900 [m] V=890.117919 [rad/s] Phase=15076.345381 [mu-sec]           op-times(0.015076+n*0.003529)s +/- 0.000064
Chopper 6: L=13.308900 [m] V=890.117919 [rad/s] Phase=15138.908023 [mu-sec]           op-times(0.015139+n*0.003529)s +/- 0.000064
[ILL_IN5] Initialize
Source_gen: component VCS (square 0.14 x 0.22)
            focusing distance dist=2.55 area=0.038 x 0.2
            spectra 4.450 to 4.550 AA (3.952 to 4.131 meV)
            T1=216.8 K (2.093 AA), T2=33.9 K (5.292 AA), T3=16.7 K (7.539 AA)
  Flux is dPhi/dlambda in [n/s/cm2].
Isotropic_Sqw: SAMPLE: is a hollow cylinder: radius=0.015000 thickness=0.012500 height=0.060000 [J Comp Phys 228 (2009) 5251]
Opening input file '/u/data/pkwi/McStas/mcstas/3.0-dev/tools/Python/mcrun/../mccodelib/../../../data/Y3Fe5O12_YIG.laz' (Table_Read_Offset)
Opening input file '/u/data/pkwi/McStas/mcstas/3.0-dev/tools/Python/mcrun/../mccodelib/../../../data/Y3Fe5O12_YIG.laz' (Table_Read_Offset)
Isotropic_sqw: Converting 594 powder lines from Y3Fe5O12_YIG.laz into S(q,w) data
Isotropic_sqw: q range [0:11.7751], creating 1678 elements vector
Isotropic_Sqw: SAMPLE: Generated Y3Fe5O12_YIG.laz coherent Sqw
                   q=[0:11.7681 Angs-1] w=[0:0 meV] |S|=0.0250511 size=[1678x1] sigma=1036.16 [barns]
               Mainly elastic scattering.
Isotropic_Sqw: SAMPLE: Using Isotropic elastic incoherent scattering (sigma=19.672 [barns])
Isotropic_Sqw: SAMPLE: Sample temperature not defined (T=0).
Warning        Disabling detailed balance.
Isotropic_Sqw: SAMPLE: Focusing can only apply for single
               scattering. Setting to order=1.
Opening input file '/u/data/pkwi/McStas/mcstas/3.0-dev/tools/Python/mcrun/../mccodelib/../../../data/Fe.laz' (Table_Read_Offset)
Table from file 'Fe.laz' (block 1) is 17 x 18 (x=1:5), constant step. interpolation: linear
  '# TITLE *Iron-Fe-[IM3-M] Swanson, H.E.;Tatge, E.[1954] [Iron alpha phase];# ...'
PowderN: hous: Reading 17 rows from Fe.laz
PowderN: hous: Read 17 reflections from file 'Fe.laz'
PowderN: hous: Vc=24.04 [Angs] sigma_abs=5.12 [barn] sigma_inc=0.8 [barn] reflections=Fe.laz
Opening input file '/u/data/pkwi/McStas/mcstas/3.0-dev/tools/Python/mcrun/../mccodelib/../../../contrib/Gas_tables/He3inHe.table' (Table_Read_Offset)
Opening input file '/u/data/pkwi/McStas/mcstas/3.0-dev/tools/Python/mcrun/../mccodelib/../../../contrib/Gas_tables/He3inCF4.table' (Table_Read_Offset)
Opening input file '/u/data/pkwi/McStas/mcstas/3.0-dev/tools/Python/mcrun/../mccodelib/../../../contrib/Gas_tables/He3inHe.table' (Table_Read_Offset)
Opening input file '/u/data/pkwi/McStas/mcstas/3.0-dev/tools/Python/mcrun/../mccodelib/../../../contrib/Gas_tables/He3inCF4.table' (Table_Read_Offset)
Opening input file '/u/data/pkwi/McStas/mcstas/3.0-dev/tools/Python/mcrun/../mccodelib/../../../contrib/Gas_tables/He3inHe.table' (Table_Read_Offset)
Opening input file '/u/data/pkwi/McStas/mcstas/3.0-dev/tools/Python/mcrun/../mccodelib/../../../contrib/Gas_tables/He3inCF4.table' (Table_Read_Offset)
*** TRACE end *** 

Save [ILL_IN5]
Detector: Det_sample_t_I=3.99943e+07 Det_sample_t_ERR=6.41588e+06 Det_sample_t_N=52 "Det_sample_t_1633442089.t"
Detector: Det_ideal_ay_I=1.15674e+06 Det_ideal_ay_ERR=352011 Det_ideal_ay_N=13 "Det_ideal_ay_1633442089.th_y"
Detector: Det_PSD_I=1.51238e+06 Det_PSD_ERR=423729 Det_PSD_N=15 "in5det.dat"
Detector: in5_t_I=3.67098e+06 in5_t_ERR=1.06546e+06 in5_t_N=46 "in5_t_1633442089.t"

Finally [ILL_IN5: 1e4]. Time: 0 [s] 
Isotropic_Sqw: SAMPLE: Scattering fraction=0.431512 of incoming intensity
               Absorption fraction           =0.460002
               Single   scattering intensity =5.39024e+06 (coh=5.39024e+06 inc=2.48618e-16)
               Multiple scattering intensity =0
INFO: Placing instr file copy ILL_IN5.instr in dataset 1e4
loading system configuration
loading user configuration from /home/nexmap/pkwi/.mcstas/3.0-dev/mccode_config.json
real 0.62
user 0.56
sys 0.07
INFO: Using directory: "1e5"
INFO: Using existing c-file: ./ILL_IN5.c
INFO: Using existing binary: ./ILL_IN5.out
INFO: ===
Instrument: ILL_IN5 (IN5 disk chopper time-of-flight spectrometer).
  Wavelength lambda=4.5 [Angs]
Chopper 0: L=0.000000 [m] V=890.117919 [rad/s] Phase=0.000000 [mu-sec]           op-times(0.000000+n*0.003529)s +/- 0.000176
Chopper 1: L=5.308300 [m] V=890.117919 [rad/s] Phase=6038.204920 [mu-sec]           op-times(0.006038+n*0.003529)s +/- 0.000176
Chopper 2: L=5.458300 [m] V=890.117919 [rad/s] Phase=6208.830306 [mu-sec]           op-times(0.006209+n*0.003529)s +/- 0.000176
Chopper 3: L=12.428900 [m] V=445.058959 [rad/s] Phase=14137.905757 [mu-sec]           op-times(0.014138+n*0.007059)s +/- 0.000373
Chopper 4: L=12.483900 [m] V=890.117919 [rad/s] Phase=14200.468398 [mu-sec]           op-times(0.014200+n*0.003529)s +/- 0.000186
Chopper 5: L=13.253900 [m] V=890.117919 [rad/s] Phase=15076.345381 [mu-sec]           op-times(0.015076+n*0.003529)s +/- 0.000064
Chopper 6: L=13.308900 [m] V=890.117919 [rad/s] Phase=15138.908023 [mu-sec]           op-times(0.015139+n*0.003529)s +/- 0.000064
[ILL_IN5] Initialize
Source_gen: component VCS (square 0.14 x 0.22)
            focusing distance dist=2.55 area=0.038 x 0.2
            spectra 4.450 to 4.550 AA (3.952 to 4.131 meV)
            T1=216.8 K (2.093 AA), T2=33.9 K (5.292 AA), T3=16.7 K (7.539 AA)
  Flux is dPhi/dlambda in [n/s/cm2].
Isotropic_Sqw: SAMPLE: is a hollow cylinder: radius=0.015000 thickness=0.012500 height=0.060000 [J Comp Phys 228 (2009) 5251]
Opening input file '/u/data/pkwi/McStas/mcstas/3.0-dev/tools/Python/mcrun/../mccodelib/../../../data/Y3Fe5O12_YIG.laz' (Table_Read_Offset)
Opening input file '/u/data/pkwi/McStas/mcstas/3.0-dev/tools/Python/mcrun/../mccodelib/../../../data/Y3Fe5O12_YIG.laz' (Table_Read_Offset)
Isotropic_sqw: Converting 594 powder lines from Y3Fe5O12_YIG.laz into S(q,w) data
Isotropic_sqw: q range [0:11.7751], creating 1678 elements vector
Isotropic_Sqw: SAMPLE: Generated Y3Fe5O12_YIG.laz coherent Sqw
                   q=[0:11.7681 Angs-1] w=[0:0 meV] |S|=0.0250511 size=[1678x1] sigma=1036.16 [barns]
               Mainly elastic scattering.
Isotropic_Sqw: SAMPLE: Using Isotropic elastic incoherent scattering (sigma=19.672 [barns])
Isotropic_Sqw: SAMPLE: Sample temperature not defined (T=0).
Warning        Disabling detailed balance.
Isotropic_Sqw: SAMPLE: Focusing can only apply for single
               scattering. Setting to order=1.
Opening input file '/u/data/pkwi/McStas/mcstas/3.0-dev/tools/Python/mcrun/../mccodelib/../../../data/Fe.laz' (Table_Read_Offset)
Table from file 'Fe.laz' (block 1) is 17 x 18 (x=1:5), constant step. interpolation: linear
  '# TITLE *Iron-Fe-[IM3-M] Swanson, H.E.;Tatge, E.[1954] [Iron alpha phase];# ...'
PowderN: hous: Reading 17 rows from Fe.laz
PowderN: hous: Read 17 reflections from file 'Fe.laz'
PowderN: hous: Vc=24.04 [Angs] sigma_abs=5.12 [barn] sigma_inc=0.8 [barn] reflections=Fe.laz
Opening input file '/u/data/pkwi/McStas/mcstas/3.0-dev/tools/Python/mcrun/../mccodelib/../../../contrib/Gas_tables/He3inHe.table' (Table_Read_Offset)
Opening input file '/u/data/pkwi/McStas/mcstas/3.0-dev/tools/Python/mcrun/../mccodelib/../../../contrib/Gas_tables/He3inCF4.table' (Table_Read_Offset)
Opening input file '/u/data/pkwi/McStas/mcstas/3.0-dev/tools/Python/mcrun/../mccodelib/../../../contrib/Gas_tables/He3inHe.table' (Table_Read_Offset)
Opening input file '/u/data/pkwi/McStas/mcstas/3.0-dev/tools/Python/mcrun/../mccodelib/../../../contrib/Gas_tables/He3inCF4.table' (Table_Read_Offset)
Opening input file '/u/data/pkwi/McStas/mcstas/3.0-dev/tools/Python/mcrun/../mccodelib/../../../contrib/Gas_tables/He3inHe.table' (Table_Read_Offset)
Opening input file '/u/data/pkwi/McStas/mcstas/3.0-dev/tools/Python/mcrun/../mccodelib/../../../contrib/Gas_tables/He3inCF4.table' (Table_Read_Offset)
*** TRACE end *** 

Save [ILL_IN5]
Detector: Det_sample_t_I=3.53998e+07 Det_sample_t_ERR=1.9459e+06 Det_sample_t_N=468 "Det_sample_t_1633442090.t"
Detector: Det_ideal_ay_I=1.29932e+06 Det_ideal_ay_ERR=119088 Det_ideal_ay_N=168 "Det_ideal_ay_1633442090.th_y"
Detector: Det_PSD_I=1.33511e+06 Det_PSD_ERR=128889 Det_PSD_N=160 "in5det.dat"
Detector: in5_t_I=2.66629e+06 in5_t_ERR=271024 in5_t_N=401 "in5_t_1633442090.t"

Finally [ILL_IN5: 1e5]. Time: 0 [s] 
Isotropic_Sqw: SAMPLE: Scattering fraction=0.432153 of incoming intensity
               Absorption fraction           =0.460309
               Single   scattering intensity =4.13109e+06 (coh=3.89356e+06 inc=237527)
               Multiple scattering intensity =0
INFO: Placing instr file copy ILL_IN5.instr in dataset 1e5
loading system configuration
loading user configuration from /home/nexmap/pkwi/.mcstas/3.0-dev/mccode_config.json
real 0.67
user 0.61
sys 0.07
INFO: Using directory: "1e6"
INFO: Using existing c-file: ./ILL_IN5.c
INFO: Using existing binary: ./ILL_IN5.out
INFO: ===
Instrument: ILL_IN5 (IN5 disk chopper time-of-flight spectrometer).
  Wavelength lambda=4.5 [Angs]
Chopper 0: L=0.000000 [m] V=890.117919 [rad/s] Phase=0.000000 [mu-sec]           op-times(0.000000+n*0.003529)s +/- 0.000176
Chopper 1: L=5.308300 [m] V=890.117919 [rad/s] Phase=6038.204920 [mu-sec]           op-times(0.006038+n*0.003529)s +/- 0.000176
Chopper 2: L=5.458300 [m] V=890.117919 [rad/s] Phase=6208.830306 [mu-sec]           op-times(0.006209+n*0.003529)s +/- 0.000176
Chopper 3: L=12.428900 [m] V=445.058959 [rad/s] Phase=14137.905757 [mu-sec]           op-times(0.014138+n*0.007059)s +/- 0.000373
Chopper 4: L=12.483900 [m] V=890.117919 [rad/s] Phase=14200.468398 [mu-sec]           op-times(0.014200+n*0.003529)s +/- 0.000186
Chopper 5: L=13.253900 [m] V=890.117919 [rad/s] Phase=15076.345381 [mu-sec]           op-times(0.015076+n*0.003529)s +/- 0.000064
Chopper 6: L=13.308900 [m] V=890.117919 [rad/s] Phase=15138.908023 [mu-sec]           op-times(0.015139+n*0.003529)s +/- 0.000064
[ILL_IN5] Initialize
Source_gen: component VCS (square 0.14 x 0.22)
            focusing distance dist=2.55 area=0.038 x 0.2
            spectra 4.450 to 4.550 AA (3.952 to 4.131 meV)
            T1=216.8 K (2.093 AA), T2=33.9 K (5.292 AA), T3=16.7 K (7.539 AA)
  Flux is dPhi/dlambda in [n/s/cm2].
Isotropic_Sqw: SAMPLE: is a hollow cylinder: radius=0.015000 thickness=0.012500 height=0.060000 [J Comp Phys 228 (2009) 5251]
Opening input file '/u/data/pkwi/McStas/mcstas/3.0-dev/tools/Python/mcrun/../mccodelib/../../../data/Y3Fe5O12_YIG.laz' (Table_Read_Offset)
Opening input file '/u/data/pkwi/McStas/mcstas/3.0-dev/tools/Python/mcrun/../mccodelib/../../../data/Y3Fe5O12_YIG.laz' (Table_Read_Offset)
Isotropic_sqw: Converting 594 powder lines from Y3Fe5O12_YIG.laz into S(q,w) data
Isotropic_sqw: q range [0:11.7751], creating 1678 elements vector
Isotropic_Sqw: SAMPLE: Generated Y3Fe5O12_YIG.laz coherent Sqw
                   q=[0:11.7681 Angs-1] w=[0:0 meV] |S|=0.0250511 size=[1678x1] sigma=1036.16 [barns]
               Mainly elastic scattering.
Isotropic_Sqw: SAMPLE: Using Isotropic elastic incoherent scattering (sigma=19.672 [barns])
Isotropic_Sqw: SAMPLE: Sample temperature not defined (T=0).
Warning        Disabling detailed balance.
Isotropic_Sqw: SAMPLE: Focusing can only apply for single
               scattering. Setting to order=1.
Opening input file '/u/data/pkwi/McStas/mcstas/3.0-dev/tools/Python/mcrun/../mccodelib/../../../data/Fe.laz' (Table_Read_Offset)
Table from file 'Fe.laz' (block 1) is 17 x 18 (x=1:5), constant step. interpolation: linear
  '# TITLE *Iron-Fe-[IM3-M] Swanson, H.E.;Tatge, E.[1954] [Iron alpha phase];# ...'
PowderN: hous: Reading 17 rows from Fe.laz
PowderN: hous: Read 17 reflections from file 'Fe.laz'
PowderN: hous: Vc=24.04 [Angs] sigma_abs=5.12 [barn] sigma_inc=0.8 [barn] reflections=Fe.laz
Opening input file '/u/data/pkwi/McStas/mcstas/3.0-dev/tools/Python/mcrun/../mccodelib/../../../contrib/Gas_tables/He3inHe.table' (Table_Read_Offset)
Opening input file '/u/data/pkwi/McStas/mcstas/3.0-dev/tools/Python/mcrun/../mccodelib/../../../contrib/Gas_tables/He3inCF4.table' (Table_Read_Offset)
Opening input file '/u/data/pkwi/McStas/mcstas/3.0-dev/tools/Python/mcrun/../mccodelib/../../../contrib/Gas_tables/He3inHe.table' (Table_Read_Offset)
Opening input file '/u/data/pkwi/McStas/mcstas/3.0-dev/tools/Python/mcrun/../mccodelib/../../../contrib/Gas_tables/He3inCF4.table' (Table_Read_Offset)
Opening input file '/u/data/pkwi/McStas/mcstas/3.0-dev/tools/Python/mcrun/../mccodelib/../../../contrib/Gas_tables/He3inHe.table' (Table_Read_Offset)
Opening input file '/u/data/pkwi/McStas/mcstas/3.0-dev/tools/Python/mcrun/../mccodelib/../../../contrib/Gas_tables/He3inCF4.table' (Table_Read_Offset)
*** TRACE end *** 

Save [ILL_IN5]
Detector: Det_sample_t_I=3.85921e+07 Det_sample_t_ERR=642299 Det_sample_t_N=5301 "Det_sample_t_1633442090.t"
Detector: Det_ideal_ay_I=1.38372e+06 Det_ideal_ay_ERR=38664.7 Det_ideal_ay_N=1887 "Det_ideal_ay_1633442091.th_y"
Detector: Det_PSD_I=1.38165e+06 Det_PSD_ERR=41008.6 Det_PSD_N=1775 "in5det.dat"
Detector: in5_t_I=2.71424e+06 in5_t_ERR=81546.8 in5_t_N=4499 "in5_t_1633442091.t"

Finally [ILL_IN5: 1e6]. Time: 0 [s] 
Isotropic_Sqw: SAMPLE: 3 neutron events (out of 4637) that should have
               scattered were transmitted because scattering conditions
WARNING        could not be satisfied after 100 tries.
Isotropic_Sqw: SAMPLE: Scattering fraction=0.431576 of incoming intensity
               Absorption fraction           =0.460416
               Single   scattering intensity =4.19487e+06 (coh=3.98446e+06 inc=210408)
               Multiple scattering intensity =0
INFO: Placing instr file copy ILL_IN5.instr in dataset 1e6
loading system configuration
loading user configuration from /home/nexmap/pkwi/.mcstas/3.0-dev/mccode_config.json
real 1.43
user 1.38
sys 0.05
INFO: Using directory: "1e7"
INFO: Using existing c-file: ./ILL_IN5.c
INFO: Using existing binary: ./ILL_IN5.out
INFO: ===
Instrument: ILL_IN5 (IN5 disk chopper time-of-flight spectrometer).
  Wavelength lambda=4.5 [Angs]
Chopper 0: L=0.000000 [m] V=890.117919 [rad/s] Phase=0.000000 [mu-sec]           op-times(0.000000+n*0.003529)s +/- 0.000176
Chopper 1: L=5.308300 [m] V=890.117919 [rad/s] Phase=6038.204920 [mu-sec]           op-times(0.006038+n*0.003529)s +/- 0.000176
Chopper 2: L=5.458300 [m] V=890.117919 [rad/s] Phase=6208.830306 [mu-sec]           op-times(0.006209+n*0.003529)s +/- 0.000176
Chopper 3: L=12.428900 [m] V=445.058959 [rad/s] Phase=14137.905757 [mu-sec]           op-times(0.014138+n*0.007059)s +/- 0.000373
Chopper 4: L=12.483900 [m] V=890.117919 [rad/s] Phase=14200.468398 [mu-sec]           op-times(0.014200+n*0.003529)s +/- 0.000186
Chopper 5: L=13.253900 [m] V=890.117919 [rad/s] Phase=15076.345381 [mu-sec]           op-times(0.015076+n*0.003529)s +/- 0.000064
Chopper 6: L=13.308900 [m] V=890.117919 [rad/s] Phase=15138.908023 [mu-sec]           op-times(0.015139+n*0.003529)s +/- 0.000064
[ILL_IN5] Initialize
Source_gen: component VCS (square 0.14 x 0.22)
            focusing distance dist=2.55 area=0.038 x 0.2
            spectra 4.450 to 4.550 AA (3.952 to 4.131 meV)
            T1=216.8 K (2.093 AA), T2=33.9 K (5.292 AA), T3=16.7 K (7.539 AA)
  Flux is dPhi/dlambda in [n/s/cm2].
Isotropic_Sqw: SAMPLE: is a hollow cylinder: radius=0.015000 thickness=0.012500 height=0.060000 [J Comp Phys 228 (2009) 5251]
Opening input file '/u/data/pkwi/McStas/mcstas/3.0-dev/tools/Python/mcrun/../mccodelib/../../../data/Y3Fe5O12_YIG.laz' (Table_Read_Offset)
Opening input file '/u/data/pkwi/McStas/mcstas/3.0-dev/tools/Python/mcrun/../mccodelib/../../../data/Y3Fe5O12_YIG.laz' (Table_Read_Offset)
Isotropic_sqw: Converting 594 powder lines from Y3Fe5O12_YIG.laz into S(q,w) data
Isotropic_sqw: q range [0:11.7751], creating 1678 elements vector
Isotropic_Sqw: SAMPLE: Generated Y3Fe5O12_YIG.laz coherent Sqw
                   q=[0:11.7681 Angs-1] w=[0:0 meV] |S|=0.0250511 size=[1678x1] sigma=1036.16 [barns]
               Mainly elastic scattering.
Isotropic_Sqw: SAMPLE: Using Isotropic elastic incoherent scattering (sigma=19.672 [barns])
Isotropic_Sqw: SAMPLE: Sample temperature not defined (T=0).
Warning        Disabling detailed balance.
Isotropic_Sqw: SAMPLE: Focusing can only apply for single
               scattering. Setting to order=1.
Opening input file '/u/data/pkwi/McStas/mcstas/3.0-dev/tools/Python/mcrun/../mccodelib/../../../data/Fe.laz' (Table_Read_Offset)
Table from file 'Fe.laz' (block 1) is 17 x 18 (x=1:5), constant step. interpolation: linear
  '# TITLE *Iron-Fe-[IM3-M] Swanson, H.E.;Tatge, E.[1954] [Iron alpha phase];# ...'
PowderN: hous: Reading 17 rows from Fe.laz
PowderN: hous: Read 17 reflections from file 'Fe.laz'
PowderN: hous: Vc=24.04 [Angs] sigma_abs=5.12 [barn] sigma_inc=0.8 [barn] reflections=Fe.laz
Opening input file '/u/data/pkwi/McStas/mcstas/3.0-dev/tools/Python/mcrun/../mccodelib/../../../contrib/Gas_tables/He3inHe.table' (Table_Read_Offset)
Opening input file '/u/data/pkwi/McStas/mcstas/3.0-dev/tools/Python/mcrun/../mccodelib/../../../contrib/Gas_tables/He3inCF4.table' (Table_Read_Offset)
Opening input file '/u/data/pkwi/McStas/mcstas/3.0-dev/tools/Python/mcrun/../mccodelib/../../../contrib/Gas_tables/He3inHe.table' (Table_Read_Offset)
Opening input file '/u/data/pkwi/McStas/mcstas/3.0-dev/tools/Python/mcrun/../mccodelib/../../../contrib/Gas_tables/He3inCF4.table' (Table_Read_Offset)
Opening input file '/u/data/pkwi/McStas/mcstas/3.0-dev/tools/Python/mcrun/../mccodelib/../../../contrib/Gas_tables/He3inHe.table' (Table_Read_Offset)
Opening input file '/u/data/pkwi/McStas/mcstas/3.0-dev/tools/Python/mcrun/../mccodelib/../../../contrib/Gas_tables/He3inCF4.table' (Table_Read_Offset)
*** TRACE end *** 

Save [ILL_IN5]
Detector: Det_sample_t_I=3.80916e+07 Det_sample_t_ERR=201712 Det_sample_t_N=52192 "Det_sample_t_1633442092.t"
Detector: Det_ideal_ay_I=1.3531e+06 Det_ideal_ay_ERR=12129.5 Det_ideal_ay_N=18351 "Det_ideal_ay_1633442092.th_y"
Detector: Det_PSD_I=1.32927e+06 Det_PSD_ERR=12734 Det_PSD_N=17398 "in5det.dat"
Detector: in5_t_I=2.67448e+06 in5_t_ERR=25351.7 in5_t_N=44208 "in5_t_1633442092.t"

Finally [ILL_IN5: 1e7]. Time: 8 [s] 
Isotropic_Sqw: SAMPLE: 25 neutron events (out of 45488) that should have
               scattered were transmitted because scattering conditions
WARNING        could not be satisfied after 100 tries.
Isotropic_Sqw: SAMPLE: Scattering fraction=0.431976 of incoming intensity
               Absorption fraction           =0.46046
               Single   scattering intensity =4.11793e+06 (coh=3.8894e+06 inc=228526)
               Multiple scattering intensity =0
INFO: Placing instr file copy ILL_IN5.instr in dataset 1e7
loading system configuration
loading user configuration from /home/nexmap/pkwi/.mcstas/3.0-dev/mccode_config.json
real 8.34
user 8.27
sys 0.07
