
Usr not found from uid: mark

Usr not found from uid: lewis

Usr not found from uid: mark

Usr not found from uid: mark
Trying to find data on: mark

Usr not found from uid: mark
Trying to find data on: mark

Usr not found from uid: mark

Trying to find data on: mark

Usr not found from uid: mark

Trying to find data on: mark

Usr not found from uid: mark

Trying to find data on: mark
Usr not found from uid: mark

Trying to find data on: mark

Trying to find data on: mark

Trying to find data on: mark

Usr not found from uid: mark

Trying to find data on: mark

Usr not found from uid: mark

Trying to find data on: mark

Usr not found from uid: mark

Trying to find data on: mark

Usr not found from uid: mark

Trying to find data on: mark

Usr not found from uid: mark

Timestamp: 2015-01-07:1420622968.2Trying to find data on: mark

Usr not found from uid: mark

Timestamp: 2015-01-07:1420623185.01
Trying to find data on: mark
Usr not found from uid: mark

Timestamp: 2015-01-07:1420623784.42
Trying to find data on: mark
dn: cn=mark lewis,ou=person,dc=fysik,dc=dtu,dc=dk
Got a cn? : ou

Timestamp: 2015-01-07:1420624125.72
Trying to find data on: mark
dn: cn=mark lewis,ou=person,dc=fysik,dc=dtu,dc=dk
Got a cn? : ou

Timestamp: 2015-01-07:1420624164.36
Trying to find data on: mark
dn: cn=mark lewis,ou=person,dc=fysik,dc=dtu,dc=dk
Got a cn? : ou

Timestamp: 2015-01-07:1420624209.02
Trying to find data on: mark
dn: cn=mark lewis,ou=person,dc=fysik,dc=dtu,dc=dk
Got a cn? : mark lewis

Timestamp: 2015-01-07:1420624550.12
Trying to find data on: mark
dn: cn=mark lewis,ou=person,dc=fysik,dc=dtu,dc=dk
Got a cn? : mark lewis

Timestamp: 2015-01-07:1420624569.39
Trying to find data on: mark
dn: cn=mark lewis,ou=person,dc=fysik,dc=dtu,dc=dk
Got a cn? : mark lewis

Timestamp: 2015-01-07:1420624677.74
Trying to find data on: mark
dn: cn=mark lewis,ou=person,dc=fysik,dc=dtu,dc=dk
Got a cn? : mark lewis

Timestamp: 2015-01-07:1420638188.8
Trying to find data on: mark
dn: cn=mark lewis,ou=person,dc=fysik,dc=dtu,dc=dk
Got a cn? : mark lewis

Timestamp: 2015-01-07:1420640671.92
Trying to find data on: mark
dn: cn=mark lewis,ou=person,dc=fysik,dc=dtu,dc=dk
Got a cn? : mark lewis

Timestamp: 2015-01-07:1420640677.59
Trying to find data on: mark porche
Usr not found from uid: mark porche

Timestamp: 2015-01-07:1420640688.06
Trying to find data on: mark
dn: cn=mark lewis,ou=person,dc=fysik,dc=dtu,dc=dk
Got a cn? : mark lewis

Timestamp: 2015-01-07:1420640716.42
Trying to find data on: mark
dn: cn=mark lewis,ou=person,dc=fysik,dc=dtu,dc=dk
Got a cn? : mark lewis

Timestamp: 2015-01-07:1420640905.7
Trying to find data on: mark
dn: cn=mark lewis,ou=person,dc=fysik,dc=dtu,dc=dk
Got a cn? : mark lewis

Timestamp: 2015-01-07:1420641382.39
Trying to find data on: mark
dn: cn=mark lewis,ou=person,dc=fysik,dc=dtu,dc=dk
Got a cn? : mark lewis

Timestamp: 2015-01-07:1420641427.85
Trying to find data on: mark
dn: cn=mark lewis,ou=person,dc=fysik,dc=dtu,dc=dk
Got a cn? : mark lewis

Timestamp: 2015-01-07:1420641453.73
Trying to find data on: mark
dn: cn=mark lewis,ou=person,dc=fysik,dc=dtu,dc=dk
Got a cn? : mark lewis

Timestamp: 2015-01-07:1420641558.51
Trying to find data on: mark
dn: cn=mark lewis,ou=person,dc=fysik,dc=dtu,dc=dk
Got a cn? : mark lewis

Timestamp: 2015-01-07:1420642394.58
Trying to find data on: mark
dn: cn=mark lewis,ou=person,dc=fysik,dc=dtu,dc=dk
Got a cn? : mark lewis

Timestamp: 2015-01-07:1420642803.33
Trying to find data on: mark
dn: cn=mark lewis,ou=person,dc=fysik,dc=dtu,dc=dk
Got a cn? : mark lewis

Timestamp: 2015-01-07:1420642831.33
Trying to find data on: mark
dn: cn=mark lewis,ou=person,dc=fysik,dc=dtu,dc=dk
Got a cn? : mark lewis

Timestamp: 2015-01-07:1420642926.37
Trying to find data on: mark
dn: cn=mark lewis,ou=person,dc=fysik,dc=dtu,dc=dk
Got a cn? : mark lewis

Timestamp: 2015-01-07:1420642982.23
Trying to find data on: mark
dn: cn=mark lewis,ou=person,dc=fysik,dc=dtu,dc=dk
Got a cn? : mark lewis

Timestamp: 2015-01-07:1420643534.3
Trying to find data on: mark
dn: cn=mark lewis,ou=person,dc=fysik,dc=dtu,dc=dk
Got a cn? : mark lewis

Timestamp: 2015-01-07:1420643570.75
Trying to find data on: mark
dn: cn=mark lewis,ou=person,dc=fysik,dc=dtu,dc=dk
Got a cn? : mark lewis

Timestamp: 2015-01-07:1420643618.54
Trying to find data on: mark
dn: cn=mark lewis,ou=person,dc=fysik,dc=dtu,dc=dk
Got a cn? : mark lewis

Timestamp: 2015-01-07:1420643721.87
Trying to find data on: mark
dn: cn=mark lewis,ou=person,dc=fysik,dc=dtu,dc=dk
Got a cn? : mark lewis

Timestamp: 2015-01-07:1420643796.72
Trying to find data on: mark
dn: cn=mark lewis,ou=person,dc=fysik,dc=dtu,dc=dk
Got a cn? : mark lewis

Timestamp: 2015-01-07:1420643824.2
Trying to find data on: mark
dn: cn=mark lewis,ou=person,dc=fysik,dc=dtu,dc=dk
Got a cn? : mark lewis

Timestamp: 2015-01-07:1420644357.29
Trying to find data on: mark
dn: cn=mark lewis,ou=person,dc=fysik,dc=dtu,dc=dk
Got a cn? : mark lewis

Timestamp: 2015-01-07:1420644497.08
Trying to find data on: mark
dn: cn=mark lewis,ou=person,dc=fysik,dc=dtu,dc=dk
Got a cn? : mark lewis

Timestamp: 2015-01-07:1420645267.17
Trying to find data on: mark
dn: cn=mark lewis,ou=person,dc=fysik,dc=dtu,dc=dk
Got a cn? : mark lewis

Timestamp: 2015-01-07:1420645357.81
Trying to find data on: mark
dn: cn=mark lewis,ou=person,dc=fysik,dc=dtu,dc=dk
Got a cn? : mark lewis

Timestamp: 2015-01-07:1420645443.06
Trying to find data on: mark
dn: cn=mark lewis,ou=person,dc=fysik,dc=dtu,dc=dk
Got a cn? : mark lewis

Timestamp: 2015-01-07:1420645548.82
Trying to find data on: mark
dn: cn=mark lewis,ou=person,dc=fysik,dc=dtu,dc=dk
Got a cn? : mark lewis

Timestamp: 2015-01-07:1420645784.4
Trying to find data on: mark
dn: cn=mark lewis,ou=person,dc=fysik,dc=dtu,dc=dk
Got a cn? : mark lewis

Timestamp: 2015-01-07:1420645850.34
Trying to find data on: mark
dn: cn=mark lewis,ou=person,dc=fysik,dc=dtu,dc=dk
Got a cn? : mark lewis
