INFO: Using directory: "1e4"
INFO: Using existing c-file: ./BNL_H8.c
INFO: Using existing binary: ./BNL_H8.out
INFO: ===
Simulation 'BNL_H8' (BNL_H8.instr): running on 8 nodes (master is 'hypatia.fysik.dtu.dk', MPI version 3.1).
Instrument:     BNL_H8 on hypatia.fysik.dtu.dk.
Monochromator : DM = 3.3539
A1 = 20.60, A2 = 41.20 (deg)
Ki = 2.662 Angs-1 Energy = 14.69 meV
Velocity = 1676 m/s, lambda = 2.36 Angs
Instrument:     BNL_H8 on hypatia.fysik.dtu.dk.
Monochromator : DM = 3.3539
A1 = 20.60, A2 = 41.20 (deg)
Ki = 2.662 Angs-1 Energy = 14.69 meV
Velocity = 1676 m/s, lambda = 2.36 Angs
Instrument:     BNL_H8 on hypatia.fysik.dtu.dk.
Monochromator : DM = 3.3539
A1 = 20.60, A2 = 41.20 (deg)
Ki = 2.662 Angs-1 Energy = 14.69 meV
Velocity = 1676 m/s, lambda = 2.36 Angs
Instrument:     BNL_H8 on hypatia.fysik.dtu.dk.
Monochromator : DM = 3.3539
A1 = 20.60, A2 = 41.20 (deg)
Ki = 2.662 Angs-1 Energy = 14.69 meV
Velocity = 1676 m/s, lambda = 2.36 Angs
Instrument:     BNL_H8 on hypatia.fysik.dtu.dk.
Monochromator : DM = 3.3539
A1 = 20.60, A2 = 41.20 (deg)
Ki = 2.662 Angs-1 Energy = 14.69 meV
Velocity = 1676 m/s, lambda = 2.36 Angs
Instrument:     BNL_H8 on hypatia.fysik.dtu.dk.
Monochromator : DM = 3.3539
A1 = 20.60, A2 = 41.20 (deg)
Ki = 2.662 Angs-1 Energy = 14.69 meV
Velocity = 1676 m/s, lambda = 2.36 Angs
Instrument:     BNL_H8 on hypatia.fysik.dtu.dk.
Monochromator : DM = 3.3539
A1 = 20.60, A2 = 41.20 (deg)
Ki = 2.662 Angs-1 Energy = 14.69 meV
Velocity = 1676 m/s, lambda = 2.36 Angs
[BNL_H8] Initialize
[BNL_H8] Initialize
[BNL_H8] Initialize
[BNL_H8] Initialize
[BNL_H8] Initialize
[BNL_H8] Initialize
[BNL_H8] Initialize
Instrument:     BNL_H8 on hypatia.fysik.dtu.dk.
Monochromator : DM = 3.3539
A1 = 20.60, A2 = 41.20 (deg)
Ki = 2.662 Angs-1 Energy = 14.69 meV
Velocity = 1676 m/s, lambda = 2.36 Angs
[BNL_H8] Initialize
*** TRACE end *** 

Save [BNL_H8]
Detector: D0_Source_I=0.00306356 D0_Source_ERR=0.000137144 D0_Source_N=499 "D0_Source.psd"
Detector: D1_SC1_Out_I=0.0205419 D1_SC1_Out_ERR=0.00035499 D1_SC1_Out_N=3363 "D1_SC1_Out.psd"
Detector: D2_A4_I=0.0138696 D2_A4_ERR=0.000291718 D2_A4_N=2274 "D2_A4.psd"
Detector: D4_SC2_In_I=0.00162787 D4_SC2_In_ERR=3.16026e-05 D4_SC2_In_N=2693 "D4_SC2_In.psd"
Detector: D5_SC2_Out_I=0.00124614 D5_SC2_Out_ERR=2.76489e-05 D5_SC2_Out_N=2097 "D5_SC2_Out.psd"
Detector: D7_SC3_In_I=1.20416e-07 D7_SC3_In_ERR=2.19807e-09 D7_SC3_In_N=3259 "D7_SC3_In.psd"
Detector: D8_SC3_Out_I=2.53226e-08 D8_SC3_Out_ERR=1.0264e-09 D8_SC3_Out_N=664 "D8_SC3_Out.psd"
Detector: D10_SC4_In_I=1.31201e-09 D10_SC4_In_ERR=7.39611e-11 D10_SC4_In_N=335 "D10_SC4_In.psd"

Finally [BNL_H8: 1e4]. Time: 0 [s] 

Finally [BNL_H8: 1e4]. Time: 0 [s] 

Finally [BNL_H8: 1e4]. Time: 0 [s] 

Finally [BNL_H8: 1e4]. Time: 0 [s] 

Finally [BNL_H8: 1e4]. Time: 0 [s] 

Finally [BNL_H8: 1e4]. Time: 0 [s] 
Detector: He3H_I=9.2188e-10 He3H_ERR=6.19698e-11 He3H_N=237 "He3.psd"

Finally [BNL_H8: 1e4]. Time: 0 [s] 

Finally [BNL_H8: 1e4]. Time: 0 [s] 
INFO: Placing instr file copy BNL_H8.instr in dataset 1e4
loading system configuration
loading user configuration from /home/nexmap/pkwi/.mcstas/3.0-dev/mccode_config.json
real 0.60
user 0.62
sys 0.42
INFO: Using directory: "1e5"
INFO: Using existing c-file: ./BNL_H8.c
INFO: Using existing binary: ./BNL_H8.out
INFO: ===
Simulation 'BNL_H8' (BNL_H8.instr): running on 8 nodes (master is 'hypatia.fysik.dtu.dk', MPI version 3.1).
Instrument:     BNL_H8 on hypatia.fysik.dtu.dk.
Monochromator : DM = 3.3539
A1 = 20.60, A2 = 41.20 (deg)
Ki = 2.662 Angs-1 Energy = 14.69 meV
Velocity = 1676 m/s, lambda = 2.36 Angs
Instrument:     BNL_H8 on hypatia.fysik.dtu.dk.
Monochromator : DM = 3.3539
A1 = 20.60, A2 = 41.20 (deg)
Ki = 2.662 Angs-1 Energy = 14.69 meV
Velocity = 1676 m/s, lambda = 2.36 Angs
Instrument:     BNL_H8 on hypatia.fysik.dtu.dk.
Monochromator : DM = 3.3539
A1 = 20.60, A2 = 41.20 (deg)
Ki = 2.662 Angs-1 Energy = 14.69 meV
Velocity = 1676 m/s, lambda = 2.36 Angs
Instrument:     BNL_H8 on hypatia.fysik.dtu.dk.
Monochromator : DM = 3.3539
A1 = 20.60, A2 = 41.20 (deg)
Ki = 2.662 Angs-1 Energy = 14.69 meV
Velocity = 1676 m/s, lambda = 2.36 Angs
Instrument:     BNL_H8 on hypatia.fysik.dtu.dk.
Monochromator : DM = 3.3539
A1 = 20.60, A2 = 41.20 (deg)
Ki = 2.662 Angs-1 Energy = 14.69 meV
Velocity = 1676 m/s, lambda = 2.36 Angs
Instrument:     BNL_H8 on hypatia.fysik.dtu.dk.
Monochromator : DM = 3.3539
A1 = 20.60, A2 = 41.20 (deg)
Ki = 2.662 Angs-1 Energy = 14.69 meV
Velocity = 1676 m/s, lambda = 2.36 Angs
Instrument:     BNL_H8 on hypatia.fysik.dtu.dk.
Monochromator : DM = 3.3539
A1 = 20.60, A2 = 41.20 (deg)
Ki = 2.662 Angs-1 Energy = 14.69 meV
Velocity = 1676 m/s, lambda = 2.36 Angs
[BNL_H8] Initialize
[BNL_H8] Initialize
[BNL_H8] Initialize
[BNL_H8] Initialize
[BNL_H8] Initialize
[BNL_H8] Initialize
[BNL_H8] Initialize
Instrument:     BNL_H8 on hypatia.fysik.dtu.dk.
Monochromator : DM = 3.3539
A1 = 20.60, A2 = 41.20 (deg)
Ki = 2.662 Angs-1 Energy = 14.69 meV
Velocity = 1676 m/s, lambda = 2.36 Angs
[BNL_H8] Initialize
*** TRACE end *** 

Save [BNL_H8]
Detector: D0_Source_I=0.00309239 D0_Source_ERR=4.3572e-05 D0_Source_N=5037 "D0_Source.psd"
Detector: D1_SC1_Out_I=0.0204238 D1_SC1_Out_ERR=0.000111939 D1_SC1_Out_N=33466 "D1_SC1_Out.psd"
Detector: D2_A4_I=0.0137094 D2_A4_ERR=9.17212e-05 D2_A4_N=22500 "D2_A4.psd"
Detector: D4_SC2_In_I=0.00158483 D4_SC2_In_ERR=9.86162e-06 D4_SC2_In_N=26202 "D4_SC2_In.psd"
Detector: D5_SC2_Out_I=0.00122896 D5_SC2_Out_ERR=8.68335e-06 D5_SC2_Out_N=20527 "D5_SC2_Out.psd"
Detector: D7_SC3_In_I=1.24351e-07 D7_SC3_In_ERR=7.07827e-10 D7_SC3_In_N=33954 "D7_SC3_In.psd"
Detector: D8_SC3_Out_I=2.44265e-08 D8_SC3_Out_ERR=3.14654e-10 D8_SC3_Out_N=6651 "D8_SC3_Out.psd"
Detector: D10_SC4_In_I=1.30004e-09 D10_SC4_In_ERR=2.29232e-11 D10_SC4_In_N=3434 "D10_SC4_In.psd"

Finally [BNL_H8: 1e5]. Time: 0 [s] 

Finally [BNL_H8: 1e5]. Time: 0 [s] 

Finally [BNL_H8: 1e5]. Time: 0 [s] 

Finally [BNL_H8: 1e5]. Time: 0 [s] 

Finally [BNL_H8: 1e5]. Time: 0 [s] 

Finally [BNL_H8: 1e5]. Time: 0 [s] 

Finally [BNL_H8: 1e5]. Time: 0 [s] 
Detector: He3H_I=9.47946e-10 He3H_ERR=1.94627e-11 He3H_N=2527 "He3.psd"

Finally [BNL_H8: 1e5]. Time: 0 [s] 
INFO: Placing instr file copy BNL_H8.instr in dataset 1e5
loading system configuration
loading user configuration from /home/nexmap/pkwi/.mcstas/3.0-dev/mccode_config.json
real 0.68
user 1.08
sys 0.41
INFO: Using directory: "1e6"
INFO: Using existing c-file: ./BNL_H8.c
INFO: Using existing binary: ./BNL_H8.out
INFO: ===
Simulation 'BNL_H8' (BNL_H8.instr): running on 8 nodes (master is 'hypatia.fysik.dtu.dk', MPI version 3.1).
Instrument:     BNL_H8 on hypatia.fysik.dtu.dk.
Monochromator : DM = 3.3539
A1 = 20.60, A2 = 41.20 (deg)
Ki = 2.662 Angs-1 Energy = 14.69 meV
Velocity = 1676 m/s, lambda = 2.36 Angs
Instrument:     BNL_H8 on hypatia.fysik.dtu.dk.
Monochromator : DM = 3.3539
A1 = 20.60, A2 = 41.20 (deg)
Ki = 2.662 Angs-1 Energy = 14.69 meV
Velocity = 1676 m/s, lambda = 2.36 Angs
Instrument:     BNL_H8 on hypatia.fysik.dtu.dk.
Monochromator : DM = 3.3539
A1 = 20.60, A2 = 41.20 (deg)
Ki = 2.662 Angs-1 Energy = 14.69 meV
Velocity = 1676 m/s, lambda = 2.36 Angs
Instrument:     BNL_H8 on hypatia.fysik.dtu.dk.
Monochromator : DM = 3.3539
A1 = 20.60, A2 = 41.20 (deg)
Ki = 2.662 Angs-1 Energy = 14.69 meV
Velocity = 1676 m/s, lambda = 2.36 Angs
Instrument:     BNL_H8 on hypatia.fysik.dtu.dk.
Monochromator : DM = 3.3539
A1 = 20.60, A2 = 41.20 (deg)
Ki = 2.662 Angs-1 Energy = 14.69 meV
Velocity = 1676 m/s, lambda = 2.36 Angs
Instrument:     BNL_H8 on hypatia.fysik.dtu.dk.
Monochromator : DM = 3.3539
A1 = 20.60, A2 = 41.20 (deg)
Ki = 2.662 Angs-1 Energy = 14.69 meV
Velocity = 1676 m/s, lambda = 2.36 Angs
Instrument:     BNL_H8 on hypatia.fysik.dtu.dk.
Monochromator : DM = 3.3539
A1 = 20.60, A2 = 41.20 (deg)
Ki = 2.662 Angs-1 Energy = 14.69 meV
Velocity = 1676 m/s, lambda = 2.36 Angs
[BNL_H8] Initialize
[BNL_H8] Initialize
[BNL_H8] Initialize
[BNL_H8] Initialize
[BNL_H8] Initialize
Instrument:     BNL_H8 on hypatia.fysik.dtu.dk.
Monochromator : DM = 3.3539
A1 = 20.60, A2 = 41.20 (deg)
Ki = 2.662 Angs-1 Energy = 14.69 meV
Velocity = 1676 m/s, lambda = 2.36 Angs
[BNL_H8] Initialize
[BNL_H8] Initialize
[BNL_H8] Initialize
*** TRACE end *** 

Save [BNL_H8]
Detector: D0_Source_I=0.0031652 D0_Source_ERR=1.394e-05 D0_Source_N=51556 "D0_Source.psd"
Detector: D1_SC1_Out_I=0.0204889 D1_SC1_Out_ERR=3.54536e-05 D1_SC1_Out_N=335921 "D1_SC1_Out.psd"
Detector: D2_A4_I=0.0137995 D2_A4_ERR=2.90989e-05 D2_A4_N=226595 "D2_A4.psd"
Detector: D4_SC2_In_I=0.0015564 D4_SC2_In_ERR=3.09007e-06 D4_SC2_In_N=257579 "D4_SC2_In.psd"
Detector: D5_SC2_Out_I=0.00121929 D5_SC2_Out_ERR=2.73482e-06 D5_SC2_Out_N=203252 "D5_SC2_Out.psd"
Detector: D7_SC3_In_I=1.23367e-07 D7_SC3_In_ERR=2.23647e-10 D7_SC3_In_N=333852 "D7_SC3_In.psd"
Detector: D8_SC3_Out_I=2.35135e-08 D8_SC3_Out_ERR=9.81134e-11 D8_SC3_Out_N=63051 "D8_SC3_Out.psd"
Detector: D10_SC4_In_I=1.26256e-09 D10_SC4_In_ERR=7.1774e-12 D10_SC4_In_N=34068 "D10_SC4_In.psd"

Finally [BNL_H8: 1e6]. Time: 0 [s] 

Finally [BNL_H8: 1e6]. Time: 0 [s] 

Finally [BNL_H8: 1e6]. Time: 0 [s] 

Finally [BNL_H8: 1e6]. Time: 0 [s] 

Finally [BNL_H8: 1e6]. Time: 0 [s] 

Finally [BNL_H8: 1e6]. Time: 0 [s] 

Finally [BNL_H8: 1e6]. Time: 0 [s] 
Detector: He3H_I=9.56452e-10 He3H_ERR=6.24069e-12 He3H_N=25867 "He3.psd"

Finally [BNL_H8: 1e6]. Time: 0 [s] 
INFO: Placing instr file copy BNL_H8.instr in dataset 1e6
loading system configuration
loading user configuration from /home/nexmap/pkwi/.mcstas/3.0-dev/mccode_config.json
real 0.85
user 2.68
sys 0.42
INFO: Using directory: "1e7"
INFO: Using existing c-file: ./BNL_H8.c
INFO: Using existing binary: ./BNL_H8.out
INFO: ===
Simulation 'BNL_H8' (BNL_H8.instr): running on 8 nodes (master is 'hypatia.fysik.dtu.dk', MPI version 3.1).
Instrument:     BNL_H8 on hypatia.fysik.dtu.dk.
Monochromator : DM = 3.3539
A1 = 20.60, A2 = 41.20 (deg)
Ki = 2.662 Angs-1 Energy = 14.69 meV
Velocity = 1676 m/s, lambda = 2.36 Angs
Instrument:     BNL_H8 on hypatia.fysik.dtu.dk.
Monochromator : DM = 3.3539
A1 = 20.60, A2 = 41.20 (deg)
Ki = 2.662 Angs-1 Energy = 14.69 meV
Velocity = 1676 m/s, lambda = 2.36 Angs
Instrument:     BNL_H8 on hypatia.fysik.dtu.dk.
Monochromator : DM = 3.3539
A1 = 20.60, A2 = 41.20 (deg)
Ki = 2.662 Angs-1 Energy = 14.69 meV
Velocity = 1676 m/s, lambda = 2.36 Angs
Instrument:     BNL_H8 on hypatia.fysik.dtu.dk.
Monochromator : DM = 3.3539
A1 = 20.60, A2 = 41.20 (deg)
Ki = 2.662 Angs-1 Energy = 14.69 meV
Velocity = 1676 m/s, lambda = 2.36 Angs
Instrument:     BNL_H8 on hypatia.fysik.dtu.dk.
Monochromator : DM = 3.3539
A1 = 20.60, A2 = 41.20 (deg)
Ki = 2.662 Angs-1 Energy = 14.69 meV
Velocity = 1676 m/s, lambda = 2.36 Angs
Instrument:     BNL_H8 on hypatia.fysik.dtu.dk.
Monochromator : DM = 3.3539
A1 = 20.60, A2 = 41.20 (deg)
Ki = 2.662 Angs-1 Energy = 14.69 meV
Velocity = 1676 m/s, lambda = 2.36 Angs
Instrument:     BNL_H8 on hypatia.fysik.dtu.dk.
Monochromator : DM = 3.3539
A1 = 20.60, A2 = 41.20 (deg)
Ki = 2.662 Angs-1 Energy = 14.69 meV
Velocity = 1676 m/s, lambda = 2.36 Angs
[BNL_H8] Initialize
[BNL_H8] Initialize
[BNL_H8] Initialize
[BNL_H8] Initialize
[BNL_H8] Initialize
[BNL_H8] Initialize
[BNL_H8] Initialize
Instrument:     BNL_H8 on hypatia.fysik.dtu.dk.
Monochromator : DM = 3.3539
A1 = 20.60, A2 = 41.20 (deg)
Ki = 2.662 Angs-1 Energy = 14.69 meV
Velocity = 1676 m/s, lambda = 2.36 Angs
[BNL_H8] Initialize
*** TRACE end *** 

Save [BNL_H8]
Detector: D0_Source_I=0.00315983 D0_Source_ERR=4.40446e-06 D0_Source_N=514685 "D0_Source.psd"
Detector: D1_SC1_Out_I=0.0204457 D1_SC1_Out_ERR=1.11996e-05 D1_SC1_Out_N=3.35149e+06 "D1_SC1_Out.psd"
Detector: D2_A4_I=0.0137655 D2_A4_ERR=9.19061e-06 D2_A4_N=2.25981e+06 "D2_A4.psd"
Detector: D4_SC2_In_I=0.00154842 D4_SC2_In_ERR=9.74692e-07 D4_SC2_In_N=2.56134e+06 "D4_SC2_In.psd"
Detector: D5_SC2_Out_I=0.00121096 D5_SC2_Out_ERR=8.61901e-07 D5_SC2_Out_N=2.01881e+06 "D5_SC2_Out.psd"
Detector: D7_SC3_In_I=1.24167e-07 D7_SC3_In_ERR=7.09635e-11 D7_SC3_In_N=3.36308e+06 "D7_SC3_In.psd"
Detector: D8_SC3_Out_I=2.38099e-08 D8_SC3_Out_ERR=3.12399e-11 D8_SC3_Out_N=638795 "D8_SC3_Out.psd"
Detector: D10_SC4_In_I=1.2913e-09 D10_SC4_In_ERR=2.30158e-12 D10_SC4_In_N=347257 "D10_SC4_In.psd"

Finally [BNL_H8: 1e7]. Time: 3 [s] 

Finally [BNL_H8: 1e7]. Time: 3 [s] 

Finally [BNL_H8: 1e7]. Time: 3 [s] 

Finally [BNL_H8: 1e7]. Time: 3 [s] 

Finally [BNL_H8: 1e7]. Time: 3 [s] 

Finally [BNL_H8: 1e7]. Time: 3 [s] 

Finally [BNL_H8: 1e7]. Time: 3 [s] 
Detector: He3H_I=9.92841e-10 He3H_ERR=2.01801e-12 He3H_N=266876 "He3.psd"

Finally [BNL_H8: 1e7]. Time: 3 [s] 
INFO: Placing instr file copy BNL_H8.instr in dataset 1e7
loading system configuration
loading user configuration from /home/nexmap/pkwi/.mcstas/3.0-dev/mccode_config.json
real 2.78
user 18.03
sys 0.41
INFO: Using directory: "1e8"
INFO: Using existing c-file: ./BNL_H8.c
INFO: Using existing binary: ./BNL_H8.out
INFO: ===
Simulation 'BNL_H8' (BNL_H8.instr): running on 8 nodes (master is 'hypatia.fysik.dtu.dk', MPI version 3.1).
Instrument:     BNL_H8 on hypatia.fysik.dtu.dk.
Monochromator : DM = 3.3539
A1 = 20.60, A2 = 41.20 (deg)
Ki = 2.662 Angs-1 Energy = 14.69 meV
Velocity = 1676 m/s, lambda = 2.36 Angs
Instrument:     BNL_H8 on hypatia.fysik.dtu.dk.
Monochromator : DM = 3.3539
A1 = 20.60, A2 = 41.20 (deg)
Ki = 2.662 Angs-1 Energy = 14.69 meV
Velocity = 1676 m/s, lambda = 2.36 Angs
Instrument:     BNL_H8 on hypatia.fysik.dtu.dk.
Monochromator : DM = 3.3539
A1 = 20.60, A2 = 41.20 (deg)
Ki = 2.662 Angs-1 Energy = 14.69 meV
Velocity = 1676 m/s, lambda = 2.36 Angs
Instrument:     BNL_H8 on hypatia.fysik.dtu.dk.
Monochromator : DM = 3.3539
A1 = 20.60, A2 = 41.20 (deg)
Ki = 2.662 Angs-1 Energy = 14.69 meV
Velocity = 1676 m/s, lambda = 2.36 Angs
Instrument:     BNL_H8 on hypatia.fysik.dtu.dk.
Monochromator : DM = 3.3539
A1 = 20.60, A2 = 41.20 (deg)
Ki = 2.662 Angs-1 Energy = 14.69 meV
Velocity = 1676 m/s, lambda = 2.36 Angs
Instrument:     BNL_H8 on hypatia.fysik.dtu.dk.
Monochromator : DM = 3.3539
A1 = 20.60, A2 = 41.20 (deg)
Ki = 2.662 Angs-1 Energy = 14.69 meV
Velocity = 1676 m/s, lambda = 2.36 Angs
Instrument:     BNL_H8 on hypatia.fysik.dtu.dk.
Monochromator : DM = 3.3539
A1 = 20.60, A2 = 41.20 (deg)
Ki = 2.662 Angs-1 Energy = 14.69 meV
Velocity = 1676 m/s, lambda = 2.36 Angs
[BNL_H8] Initialize
[BNL_H8] Initialize
[BNL_H8] Initialize
[BNL_H8] Initialize
[BNL_H8] Initialize
[BNL_H8] Initialize
[BNL_H8] Initialize
Instrument:     BNL_H8 on hypatia.fysik.dtu.dk.
Monochromator : DM = 3.3539
A1 = 20.60, A2 = 41.20 (deg)
Ki = 2.662 Angs-1 Energy = 14.69 meV
Velocity = 1676 m/s, lambda = 2.36 Angs
[BNL_H8] Initialize

Trace ETA 22 [s] % 49 
Trace ETA 22 [s] % 48 
Trace ETA 22 [s] % 48 
Trace ETA 22 [s] % 48 
Trace ETA 22 [s] % 49 
Trace ETA 22 [s] % 48 
Trace ETA 22 [s] % 48 
Trace ETA 22 [s] % 49 50 50 50 50 50 50 50 50 60 60 60 60 60 60 60 60 70 70 70 70 70 70 70 70 80 80 80 80 80 80 80 80 90 90 90 90 90 90 90 90 *** TRACE end *** 

Save [BNL_H8]
Detector: D0_Source_I=0.00316618 D0_Source_ERR=1.39421e-06 D0_Source_N=5.15719e+06 "D0_Source.psd"
Detector: D1_SC1_Out_I=0.0204135 D1_SC1_Out_ERR=3.53885e-06 D1_SC1_Out_N=3.34625e+07 "D1_SC1_Out.psd"
Detector: D2_A4_I=0.01375 D2_A4_ERR=2.90469e-06 D2_A4_N=2.25728e+07 "D2_A4.psd"
Detector: D4_SC2_In_I=0.00154876 D4_SC2_In_ERR=3.08258e-07 D4_SC2_In_N=2.56133e+07 "D4_SC2_In.psd"
Detector: D5_SC2_Out_I=0.00121084 D5_SC2_Out_ERR=2.72542e-07 D5_SC2_Out_N=2.01859e+07 "D5_SC2_Out.psd"
Detector: D7_SC3_In_I=1.24411e-07 D7_SC3_In_ERR=2.24682e-11 D7_SC3_In_N=3.36613e+07 "D7_SC3_In.psd"
Detector: D8_SC3_Out_I=2.38603e-08 D8_SC3_Out_ERR=9.8872e-12 D8_SC3_Out_N=6.39603e+06 "D8_SC3_Out.psd"
Detector: D10_SC4_In_I=1.30211e-09 D10_SC4_In_ERR=7.30875e-13 D10_SC4_In_N=3.4886e+06 "D10_SC4_In.psd"

Finally [BNL_H8: 1e8]. Time: 21 [s] 

Finally [BNL_H8: 1e8]. Time: 21 [s] 

Finally [BNL_H8: 1e8]. Time: 21 [s] 

Finally [BNL_H8: 1e8]. Time: 21 [s] 

Finally [BNL_H8: 1e8]. Time: 21 [s] 

Finally [BNL_H8: 1e8]. Time: 21 [s] 

Finally [BNL_H8: 1e8]. Time: 21 [s] 
Detector: He3H_I=1.00115e-09 He3H_ERR=6.40789e-13 He3H_N=2.68308e+06 "He3.psd"

Finally [BNL_H8: 1e8]. Time: 21 [s] 
INFO: Placing instr file copy BNL_H8.instr in dataset 1e8
loading system configuration
loading user configuration from /home/nexmap/pkwi/.mcstas/3.0-dev/mccode_config.json
real 21.81
user 170.45
sys 0.38
