INFO: No output directory specified (--dir)
INFO: Using directory: "BNL_H8_20211005_150410"
INFO: Regenerating c-file: BNL_H8.c
Warning: 'V_sample' is an obsolete component (not maintained).
CFLAGS=

-----------------------------------------------------------

Generating single GPU kernel or single CPU section layout: 
-> SPLIT N at component PG1Xtal
-> SPLIT N at component Sample
-> SPLIT N at component PG2Xtal

-----------------------------------------------------------

Generating GPU/CPU -DFUNNEL layout:
-> SPLIT within buffer at component PG1Xtal
-> SPLIT within buffer at component Sample
-> SPLIT within buffer at component PG2Xtal

-----------------------------------------------------------
INFO: Recompiling: ./BNL_H8.out
./BNL_H8.c: In function ‘sighandler’:
./BNL_H8.c:5397:5: warning: implicit declaration of function ‘kill’ [-Wimplicit-function-declaration]
     kill(0, SIGKILL); /* kill myself if error occurs within sighandler: loops */
     ^
INFO: ===
loading system configuration
loading user configuration from /home/nexmap/pkwi/.mcstas/3.0-dev/mccode_config.json

real	0m2.836s
user	0m2.640s
sys	0m0.204s
