INFO: Using directory: "1e4"
INFO: Using existing c-file: ./BNL_H8.c
INFO: Using existing binary: ./BNL_H8.out
INFO: ===
Instrument:     BNL_H8 on hypatia.fysik.dtu.dk.
Monochromator : DM = 3.3539
A1 = 20.60, A2 = 41.20 (deg)
Ki = 2.662 Angs-1 Energy = 14.69 meV
Velocity = 1676 m/s, lambda = 2.36 Angs
[BNL_H8] Initialize
*** TRACE end *** 

Save [BNL_H8]
Detector: D0_Source_I=0.00300828 D0_Source_ERR=0.0001359 D0_Source_N=490 "D0_Source.psd"
Detector: D1_SC1_Out_I=0.0204453 D1_SC1_Out_ERR=0.000354172 D1_SC1_Out_N=3348 "D1_SC1_Out.psd"
Detector: D2_A4_I=0.013632 D2_A4_ERR=0.00028923 D2_A4_N=2235 "D2_A4.psd"
Detector: D4_SC2_In_I=0.00148022 D4_SC2_In_ERR=3.01459e-05 D4_SC2_In_N=2446 "D4_SC2_In.psd"
Detector: D5_SC2_Out_I=0.00118198 D5_SC2_Out_ERR=2.6938e-05 D5_SC2_Out_N=1971 "D5_SC2_Out.psd"
Detector: D7_SC3_In_I=1.20626e-07 D7_SC3_In_ERR=2.19522e-09 D7_SC3_In_N=3419 "D7_SC3_In.psd"
Detector: D8_SC3_Out_I=2.20969e-08 D8_SC3_Out_ERR=9.18262e-10 D8_SC3_Out_N=649 "D8_SC3_Out.psd"
Detector: D10_SC4_In_I=1.50548e-09 D10_SC4_In_ERR=7.63686e-11 D10_SC4_In_N=398 "D10_SC4_In.psd"
Detector: He3H_I=1.06625e-09 He3H_ERR=6.36391e-11 He3H_N=287 "He3.psd"

Finally [BNL_H8: 1e4]. Time: 0 [s] 
INFO: Placing instr file copy BNL_H8.instr in dataset 1e4
loading system configuration
loading user configuration from /home/nexmap/pkwi/.mcstas/3.0-dev/mccode_config.json
real 1.02
user 0.30
sys 0.69
INFO: Using directory: "1e5"
INFO: Using existing c-file: ./BNL_H8.c
INFO: Using existing binary: ./BNL_H8.out
INFO: ===
Instrument:     BNL_H8 on hypatia.fysik.dtu.dk.
Monochromator : DM = 3.3539
A1 = 20.60, A2 = 41.20 (deg)
Ki = 2.662 Angs-1 Energy = 14.69 meV
Velocity = 1676 m/s, lambda = 2.36 Angs
[BNL_H8] Initialize
*** TRACE end *** 

Save [BNL_H8]
Detector: D0_Source_I=0.00310283 D0_Source_ERR=4.36456e-05 D0_Source_N=5054 "D0_Source.psd"
Detector: D1_SC1_Out_I=0.0206143 D1_SC1_Out_ERR=0.000112457 D1_SC1_Out_N=33787 "D1_SC1_Out.psd"
Detector: D2_A4_I=0.013916 D2_A4_ERR=9.2407e-05 D2_A4_N=22840 "D2_A4.psd"
Detector: D4_SC2_In_I=0.00154963 D4_SC2_In_ERR=9.75252e-06 D4_SC2_In_N=25565 "D4_SC2_In.psd"
Detector: D5_SC2_Out_I=0.00120519 D5_SC2_Out_ERR=8.60028e-06 D5_SC2_Out_N=20020 "D5_SC2_Out.psd"
Detector: D7_SC3_In_I=1.2334e-07 D7_SC3_In_ERR=7.0495e-10 D7_SC3_In_N=33503 "D7_SC3_In.psd"
Detector: D8_SC3_Out_I=2.24313e-08 D8_SC3_Out_ERR=3.01176e-10 D8_SC3_Out_N=6057 "D8_SC3_Out.psd"
Detector: D10_SC4_In_I=1.32893e-09 D10_SC4_In_ERR=2.30854e-11 D10_SC4_In_N=3666 "D10_SC4_In.psd"
Detector: He3H_I=1.02909e-09 He3H_ERR=2.03012e-11 He3H_N=2832 "He3.psd"

Finally [BNL_H8: 1e5]. Time: 0 [s] 
INFO: Placing instr file copy BNL_H8.instr in dataset 1e5
loading system configuration
loading user configuration from /home/nexmap/pkwi/.mcstas/3.0-dev/mccode_config.json
real 1.07
user 0.35
sys 0.71
INFO: Using directory: "1e6"
INFO: Using existing c-file: ./BNL_H8.c
INFO: Using existing binary: ./BNL_H8.out
INFO: ===
Instrument:     BNL_H8 on hypatia.fysik.dtu.dk.
Monochromator : DM = 3.3539
A1 = 20.60, A2 = 41.20 (deg)
Ki = 2.662 Angs-1 Energy = 14.69 meV
Velocity = 1676 m/s, lambda = 2.36 Angs
[BNL_H8] Initialize
*** TRACE end *** 

Save [BNL_H8]
Detector: D0_Source_I=0.00312996 D0_Source_ERR=1.38621e-05 D0_Source_N=50982 "D0_Source.psd"
Detector: D1_SC1_Out_I=0.0204081 D1_SC1_Out_ERR=3.53837e-05 D1_SC1_Out_N=334551 "D1_SC1_Out.psd"
Detector: D2_A4_I=0.0137594 D2_A4_ERR=2.90566e-05 D2_A4_N=225908 "D2_A4.psd"
Detector: D4_SC2_In_I=0.00153778 D4_SC2_In_ERR=3.07207e-06 D4_SC2_In_N=254439 "D4_SC2_In.psd"
Detector: D5_SC2_Out_I=0.00119747 D5_SC2_Out_ERR=2.71075e-06 D5_SC2_Out_N=199779 "D5_SC2_Out.psd"
Detector: D7_SC3_In_I=1.21065e-07 D7_SC3_In_ERR=2.21583e-10 D7_SC3_In_N=329599 "D7_SC3_In.psd"
Detector: D8_SC3_Out_I=2.32117e-08 D8_SC3_Out_ERR=9.75637e-11 D8_SC3_Out_N=62432 "D8_SC3_Out.psd"
Detector: D10_SC4_In_I=1.2581e-09 D10_SC4_In_ERR=7.17404e-12 D10_SC4_In_N=34180 "D10_SC4_In.psd"
Detector: He3H_I=9.59287e-10 He3H_ERR=6.26259e-12 He3H_N=26082 "He3.psd"

Finally [BNL_H8: 1e6]. Time: 1 [s] 
INFO: Placing instr file copy BNL_H8.instr in dataset 1e6
loading system configuration
loading user configuration from /home/nexmap/pkwi/.mcstas/3.0-dev/mccode_config.json
real 1.68
user 0.74
sys 0.93
INFO: Using directory: "1e7"
INFO: Using existing c-file: ./BNL_H8.c
INFO: Using existing binary: ./BNL_H8.out
INFO: ===
Instrument:     BNL_H8 on hypatia.fysik.dtu.dk.
Monochromator : DM = 3.3539
A1 = 20.60, A2 = 41.20 (deg)
Ki = 2.662 Angs-1 Energy = 14.69 meV
Velocity = 1676 m/s, lambda = 2.36 Angs
[BNL_H8] Initialize
*** TRACE end *** 

Save [BNL_H8]
Detector: D0_Source_I=0.00316434 D0_Source_ERR=4.40761e-06 D0_Source_N=515420 "D0_Source.psd"
Detector: D1_SC1_Out_I=0.020408 D1_SC1_Out_ERR=1.11893e-05 D1_SC1_Out_N=3.34538e+06 "D1_SC1_Out.psd"
Detector: D2_A4_I=0.0137474 D2_A4_ERR=9.18457e-06 D2_A4_N=2.25701e+06 "D2_A4.psd"
Detector: D4_SC2_In_I=0.0015485 D4_SC2_In_ERR=9.74858e-07 D4_SC2_In_N=2.56044e+06 "D4_SC2_In.psd"
Detector: D5_SC2_Out_I=0.00121086 D5_SC2_Out_ERR=8.61981e-07 D5_SC2_Out_N=2.01859e+06 "D5_SC2_Out.psd"
Detector: D7_SC3_In_I=1.24047e-07 D7_SC3_In_ERR=7.09811e-11 D7_SC3_In_N=3.35602e+06 "D7_SC3_In.psd"
Detector: D8_SC3_Out_I=2.37942e-08 D8_SC3_Out_ERR=3.1222e-11 D8_SC3_Out_N=638279 "D8_SC3_Out.psd"
Detector: D10_SC4_In_I=1.28898e-09 D10_SC4_In_ERR=2.30089e-12 D10_SC4_In_N=345277 "D10_SC4_In.psd"
Detector: He3H_I=9.91578e-10 He3H_ERR=2.01814e-12 He3H_N=265795 "He3.psd"

Finally [BNL_H8: 1e7]. Time: 5 [s] 
INFO: Placing instr file copy BNL_H8.instr in dataset 1e7
loading system configuration
loading user configuration from /home/nexmap/pkwi/.mcstas/3.0-dev/mccode_config.json
real 5.77
user 3.70
sys 2.06
INFO: Using directory: "1e8"
INFO: Using existing c-file: ./BNL_H8.c
INFO: Using existing binary: ./BNL_H8.out
INFO: ===
Instrument:     BNL_H8 on hypatia.fysik.dtu.dk.
Monochromator : DM = 3.3539
A1 = 20.60, A2 = 41.20 (deg)
Ki = 2.662 Angs-1 Energy = 14.69 meV
Velocity = 1676 m/s, lambda = 2.36 Angs
[BNL_H8] Initialize
*** TRACE end *** 

Save [BNL_H8]
Detector: D0_Source_I=0.00316547 D0_Source_ERR=1.39406e-06 D0_Source_N=5.15604e+06 "D0_Source.psd"
Detector: D1_SC1_Out_I=0.02041 D1_SC1_Out_ERR=3.53855e-06 D1_SC1_Out_N=3.34572e+07 "D1_SC1_Out.psd"
Detector: D2_A4_I=0.0137489 D2_A4_ERR=2.90457e-06 D2_A4_N=2.25715e+07 "D2_A4.psd"
Detector: D4_SC2_In_I=0.00154943 D4_SC2_In_ERR=3.08369e-07 D4_SC2_In_N=2.56184e+07 "D4_SC2_In.psd"
Detector: D5_SC2_Out_I=0.00121101 D5_SC2_Out_ERR=2.72599e-07 D5_SC2_Out_N=2.01875e+07 "D5_SC2_Out.psd"
Detector: D7_SC3_In_I=1.24373e-07 D7_SC3_In_ERR=2.24693e-11 D7_SC3_In_N=3.36424e+07 "D7_SC3_In.psd"
Detector: D8_SC3_Out_I=2.38386e-08 D8_SC3_Out_ERR=9.88625e-12 D8_SC3_Out_N=6.38857e+06 "D8_SC3_Out.psd"
Detector: D10_SC4_In_I=1.30425e-09 D10_SC4_In_ERR=7.31993e-13 D10_SC4_In_N=3.48907e+06 "D10_SC4_In.psd"
Detector: He3H_I=1.00234e-09 He3H_ERR=6.41739e-13 He3H_N=2.68176e+06 "He3.psd"

Finally [BNL_H8: 1e8]. Time: 44 [s] 
INFO: Placing instr file copy BNL_H8.instr in dataset 1e8
loading system configuration
loading user configuration from /home/nexmap/pkwi/.mcstas/3.0-dev/mccode_config.json
real 44.76
user 31.28
sys 13.47
INFO: Using directory: "1e9"
INFO: Using existing c-file: ./BNL_H8.c
INFO: Using existing binary: ./BNL_H8.out
INFO: ===
Instrument:     BNL_H8 on hypatia.fysik.dtu.dk.
Monochromator : DM = 3.3539
A1 = 20.60, A2 = 41.20 (deg)
Ki = 2.662 Angs-1 Energy = 14.69 meV
Velocity = 1676 m/s, lambda = 2.36 Angs
[BNL_H8] Initialize
*** TRACE end *** 

Save [BNL_H8]
Detector: D0_Source_I=0.00316573 D0_Source_ERR=4.40857e-07 D0_Source_N=5.15646e+07 "D0_Source.psd"
Detector: D1_SC1_Out_I=0.0204124 D1_SC1_Out_ERR=1.11905e-06 D1_SC1_Out_N=3.34606e+08 "D1_SC1_Out.psd"
Detector: D2_A4_I=0.01375 D2_A4_ERR=9.18545e-07 D2_A4_N=2.25729e+08 "D2_A4.psd"
Detector: D4_SC2_In_I=0.00154966 D4_SC2_In_ERR=9.7522e-08 D4_SC2_In_N=2.562e+08 "D4_SC2_In.psd"
Detector: D5_SC2_Out_I=0.00121133 D5_SC2_Out_ERR=8.62148e-08 D5_SC2_Out_N=2.01887e+08 "D5_SC2_Out.psd"
Detector: D7_SC3_In_I=1.24322e-07 D7_SC3_In_ERR=7.10481e-12 D7_SC3_In_N=3.36213e+08 "D7_SC3_In.psd"
Detector: D8_SC3_Out_I=2.38613e-08 D8_SC3_Out_ERR=3.12842e-12 D8_SC3_Out_N=6.39188e+07 "D8_SC3_Out.psd"
Detector: D10_SC4_In_I=1.30672e-09 D10_SC4_In_ERR=2.31796e-13 D10_SC4_In_N=3.49279e+07 "D10_SC4_In.psd"
Detector: He3H_I=1.00482e-09 He3H_ERR=2.03264e-13 He3H_N=2.686e+07 "He3.psd"

Finally [BNL_H8: 1e9]. Time: 7.15 [min] 
INFO: Placing instr file copy BNL_H8.instr in dataset 1e9
loading system configuration
loading user configuration from /home/nexmap/pkwi/.mcstas/3.0-dev/mccode_config.json
real 430.13
user 302.64
sys 127.41
