
Usr not found from uid: mark

Usr not found from uid: lewis

Usr not found from uid: mark

Usr not found from uid: mark
Trying to find data on: mark

Usr not found from uid: mark
Trying to find data on: mark

Usr not found from uid: mark

Trying to find data on: mark

Usr not found from uid: mark

Trying to find data on: mark

Usr not found from uid: mark

Trying to find data on: mark
Usr not found from uid: mark

Trying to find data on: mark

Trying to find data on: mark

Trying to find data on: mark

Usr not found from uid: mark

Trying to find data on: mark

Usr not found from uid: mark

Trying to find data on: mark

Usr not found from uid: mark

Trying to find data on: mark

Usr not found from uid: mark

Trying to find data on: mark

Usr not found from uid: mark

Timestamp: 2015-01-07:1420622968.2Trying to find data on: mark

Usr not found from uid: mark

Timestamp: 2015-01-07:1420623185.01
Trying to find data on: mark
Usr not found from uid: mark

Timestamp: 2015-01-07:1420623784.42
Trying to find data on: mark
dn: cn=mark lewis,ou=person,dc=fysik,dc=dtu,dc=dk
Got a cn? : ou

Timestamp: 2015-01-07:1420624125.72
Trying to find data on: mark
dn: cn=mark lewis,ou=person,dc=fysik,dc=dtu,dc=dk
Got a cn? : ou

Timestamp: 2015-01-07:1420624164.36
Trying to find data on: mark
dn: cn=mark lewis,ou=person,dc=fysik,dc=dtu,dc=dk
Got a cn? : ou

Timestamp: 2015-01-07:1420624209.02
Trying to find data on: mark
dn: cn=mark lewis,ou=person,dc=fysik,dc=dtu,dc=dk
Got a cn? : mark lewis

Timestamp: 2015-01-07:1420624550.12
Trying to find data on: mark
dn: cn=mark lewis,ou=person,dc=fysik,dc=dtu,dc=dk
Got a cn? : mark lewis

Timestamp: 2015-01-07:1420624569.39
Trying to find data on: mark
dn: cn=mark lewis,ou=person,dc=fysik,dc=dtu,dc=dk
Got a cn? : mark lewis

Timestamp: 2015-01-07:1420624677.74
Trying to find data on: mark
dn: cn=mark lewis,ou=person,dc=fysik,dc=dtu,dc=dk
Got a cn? : mark lewis

Timestamp: 2015-01-07:1420638188.8
Trying to find data on: mark
dn: cn=mark lewis,ou=person,dc=fysik,dc=dtu,dc=dk
Got a cn? : mark lewis

Timestamp: 2015-01-07:1420640671.92
Trying to find data on: mark
dn: cn=mark lewis,ou=person,dc=fysik,dc=dtu,dc=dk
Got a cn? : mark lewis

Timestamp: 2015-01-07:1420640677.59
Trying to find data on: mark porche
Usr not found from uid: mark porche

Timestamp: 2015-01-07:1420640688.06
Trying to find data on: mark
dn: cn=mark lewis,ou=person,dc=fysik,dc=dtu,dc=dk
Got a cn? : mark lewis

Timestamp: 2015-01-07:1420640716.42
Trying to find data on: mark
dn: cn=mark lewis,ou=person,dc=fysik,dc=dtu,dc=dk
Got a cn? : mark lewis

Timestamp: 2015-01-07:1420640905.7
Trying to find data on: mark
dn: cn=mark lewis,ou=person,dc=fysik,dc=dtu,dc=dk
Got a cn? : mark lewis

Timestamp: 2015-01-07:1420641382.39
Trying to find data on: mark
dn: cn=mark lewis,ou=person,dc=fysik,dc=dtu,dc=dk
Got a cn? : mark lewis

Timestamp: 2015-01-07:1420641427.85
Trying to find data on: mark
dn: cn=mark lewis,ou=person,dc=fysik,dc=dtu,dc=dk
Got a cn? : mark lewis

Timestamp: 2015-01-07:1420641453.73
Trying to find data on: mark
dn: cn=mark lewis,ou=person,dc=fysik,dc=dtu,dc=dk
Got a cn? : mark lewis

Timestamp: 2015-01-07:1420641558.51
Trying to find data on: mark
dn: cn=mark lewis,ou=person,dc=fysik,dc=dtu,dc=dk
Got a cn? : mark lewis

Timestamp: 2015-01-07:1420642394.58
Trying to find data on: mark
dn: cn=mark lewis,ou=person,dc=fysik,dc=dtu,dc=dk
Got a cn? : mark lewis

Timestamp: 2015-01-07:1420642803.33
Trying to find data on: mark
dn: cn=mark lewis,ou=person,dc=fysik,dc=dtu,dc=dk
Got a cn? : mark lewis

Timestamp: 2015-01-07:1420642831.33
Trying to find data on: mark
dn: cn=mark lewis,ou=person,dc=fysik,dc=dtu,dc=dk
Got a cn? : mark lewis

Timestamp: 2015-01-07:1420642926.37
Trying to find data on: mark
dn: cn=mark lewis,ou=person,dc=fysik,dc=dtu,dc=dk
Got a cn? : mark lewis

Timestamp: 2015-01-07:1420642982.23
Trying to find data on: mark
dn: cn=mark lewis,ou=person,dc=fysik,dc=dtu,dc=dk
Got a cn? : mark lewis

Timestamp: 2015-01-07:1420643534.3
Trying to find data on: mark
dn: cn=mark lewis,ou=person,dc=fysik,dc=dtu,dc=dk
Got a cn? : mark lewis

Timestamp: 2015-01-07:1420643570.75
Trying to find data on: mark
dn: cn=mark lewis,ou=person,dc=fysik,dc=dtu,dc=dk
Got a cn? : mark lewis

Timestamp: 2015-01-07:1420643618.54
Trying to find data on: mark
dn: cn=mark lewis,ou=person,dc=fysik,dc=dtu,dc=dk
Got a cn? : mark lewis

Timestamp: 2015-01-07:1420643721.87
Trying to find data on: mark
dn: cn=mark lewis,ou=person,dc=fysik,dc=dtu,dc=dk
Got a cn? : mark lewis

Timestamp: 2015-01-07:1420643796.72
Trying to find data on: mark
dn: cn=mark lewis,ou=person,dc=fysik,dc=dtu,dc=dk
Got a cn? : mark lewis

Timestamp: 2015-01-07:1420643824.2
Trying to find data on: mark
dn: cn=mark lewis,ou=person,dc=fysik,dc=dtu,dc=dk
Got a cn? : mark lewis

Timestamp: 2015-01-07:1420644357.29
Trying to find data on: mark
dn: cn=mark lewis,ou=person,dc=fysik,dc=dtu,dc=dk
Got a cn? : mark lewis

Timestamp: 2015-01-07:1420644497.08
Trying to find data on: mark
dn: cn=mark lewis,ou=person,dc=fysik,dc=dtu,dc=dk
Got a cn? : mark lewis

Timestamp: 2015-01-07:1420645267.17
Trying to find data on: mark
dn: cn=mark lewis,ou=person,dc=fysik,dc=dtu,dc=dk
Got a cn? : mark lewis

Timestamp: 2015-01-07:1420645357.81
Trying to find data on: mark
dn: cn=mark lewis,ou=person,dc=fysik,dc=dtu,dc=dk
Got a cn? : mark lewis

Timestamp: 2015-01-07:1420645443.06
Trying to find data on: mark
dn: cn=mark lewis,ou=person,dc=fysik,dc=dtu,dc=dk
Got a cn? : mark lewis

Timestamp: 2015-01-07:1420645548.82
Trying to find data on: mark
dn: cn=mark lewis,ou=person,dc=fysik,dc=dtu,dc=dk
Got a cn? : mark lewis

Timestamp: 2015-01-07:1420645784.4
Trying to find data on: mark
dn: cn=mark lewis,ou=person,dc=fysik,dc=dtu,dc=dk
Got a cn? : mark lewis

Timestamp: 2015-01-07:1420645850.34
Trying to find data on: mark
dn: cn=mark lewis,ou=person,dc=fysik,dc=dtu,dc=dk
Got a cn? : mark lewis

Timestamp: 2015-01-14:1421226051.2
Trying to find data on: mark
dn: cn=mark lewis,ou=person,dc=fysik,dc=dtu,dc=dk
Got a cn? : mark lewis

Timestamp: 2015-01-14:1421227340.56
Trying to find data on: mark
dn: cn=mark lewis,ou=person,dc=fysik,dc=dtu,dc=dk
Got a cn? : mark lewis

Timestamp: 2015-01-14:1421229847.89
Trying to find data on: mark
dn: cn=mark lewis,ou=person,dc=fysik,dc=dtu,dc=dk
Got a cn? : mark lewis

Timestamp: 2015-01-14:1421230239.74
Trying to find data on: mark
dn: cn=mark lewis,ou=person,dc=fysik,dc=dtu,dc=dk
Got a cn? : mark lewis

Timestamp: 2015-01-14:1421230407.42
Trying to find data on: mark
dn: cn=mark lewis,ou=person,dc=fysik,dc=dtu,dc=dk
Got a cn? : mark lewis

Timestamp: 2015-01-14:1421231069.1
Trying to find data on: mark
dn: cn=mark lewis,ou=person,dc=fysik,dc=dtu,dc=dk
Got a cn? : mark lewis

Timestamp: 2015-01-14:1421231404.75
Trying to find data on: mark
dn: cn=mark lewis,ou=person,dc=fysik,dc=dtu,dc=dk
Got a cn? : mark lewis

Timestamp: 2015-01-14:1421231599.61
Trying to find data on: mark
dn: cn=mark lewis,ou=person,dc=fysik,dc=dtu,dc=dk
Got a cn? : mark lewis

Timestamp: 2015-01-14:1421232109.04
Trying to find data on: mark
dn: cn=mark lewis,ou=person,dc=fysik,dc=dtu,dc=dk
Got a cn? : mark lewis

Timestamp: 2015-01-14:1421232276.28
Trying to find data on: mark
dn: cn=mark lewis,ou=person,dc=fysik,dc=dtu,dc=dk
Got a cn? : mark lewis

Timestamp: 2015-01-14:1421232281.78
Trying to find data on: mark
dn: cn=mark lewis,ou=person,dc=fysik,dc=dtu,dc=dk
Got a cn? : mark lewis

Timestamp: 2015-01-14:1421232415.25
Trying to find data on: mark
dn: cn=mark lewis,ou=person,dc=fysik,dc=dtu,dc=dk
Got a cn? : mark lewis

Timestamp: 2015-01-14:1421232464.17
Trying to find data on: mark
dn: cn=mark lewis,ou=person,dc=fysik,dc=dtu,dc=dk
Got a cn? : mark lewis

Timestamp: 2015-01-14:1421232486.05
Trying to find data on: mark
dn: cn=mark lewis,ou=person,dc=fysik,dc=dtu,dc=dk
Got a cn? : mark lewis

Timestamp: 2015-01-14:1421232598.05
Trying to find data on: mark
dn: cn=mark lewis,ou=person,dc=fysik,dc=dtu,dc=dk
Got a cn? : mark lewis

Timestamp: 2015-01-14:1421232689.54
Trying to find data on: mark
dn: cn=mark lewis,ou=person,dc=fysik,dc=dtu,dc=dk
Got a cn? : mark lewis

Timestamp: 2015-01-14:1421232724.88
Trying to find data on: mark
dn: cn=mark lewis,ou=person,dc=fysik,dc=dtu,dc=dk
Got a cn? : mark lewis

Timestamp: 2015-01-14:1421232832.79
Trying to find data on: mark
dn: cn=mark lewis,ou=person,dc=fysik,dc=dtu,dc=dk
Got a cn? : mark lewis

Timestamp: 2015-01-14:1421232858.24
Trying to find data on: mark
dn: cn=mark lewis,ou=person,dc=fysik,dc=dtu,dc=dk
Got a cn? : mark lewis

Timestamp: 2015-01-14:1421233256.57
Trying to find data on: mark
dn: cn=mark lewis,ou=person,dc=fysik,dc=dtu,dc=dk
Got a cn? : mark lewis

Timestamp: 2015-01-14:1421233404.35
Trying to find data on: mark
dn: cn=mark lewis,ou=person,dc=fysik,dc=dtu,dc=dk
Got a cn? : mark lewis

Timestamp: 2015-01-14:1421233606.72
Trying to find data on: mark
dn: cn=mark lewis,ou=person,dc=fysik,dc=dtu,dc=dk
Got a cn? : mark lewis

Timestamp: 2015-01-14:1421239791.33
Trying to find data on: mark
dn: cn=mark lewis,ou=person,dc=fysik,dc=dtu,dc=dk
Got a cn? : mark lewis

Timestamp: 2015-01-14:1421239978.34
Trying to find data on: mark
dn: cn=mark lewis,ou=person,dc=fysik,dc=dtu,dc=dk
Got a cn? : mark lewis

Timestamp: 2015-01-14:1421240494.47
Trying to find data on: mark

Timestamp: 2015-01-14:1421240569.61
Trying to find data on: mark
dn: cn=mark lewis,ou=person,dc=fysik,dc=dtu,dc=dk
Got a cn? : mark lewis

Timestamp: 2015-01-14:1421240888.3
Trying to find data on: mark
dn: cn=mark lewis,ou=person,dc=fysik,dc=dtu,dc=dk
Got a cn? : mark lewis

Timestamp: 2015-01-14:1421241329.05
Trying to find data on: mark

Timestamp: 2015-01-14:1421241361.7
Trying to find data on: mark
dn: cn=mark lewis,ou=person,dc=fysik,dc=dtu,dc=dk
Got a cn? : mark lewis

Timestamp: 2015-01-14:1421242468.2
Finding data from uid: mark
dn: cn=mark lewis,ou=person,dc=fysik,dc=dtu,dc=dk
Got a cn? : mark lewis

Timestamp: 2015-01-14:1421243263.89
Finding data from uid: mark
dn: cn=mark lewis,ou=person,dc=fysik,dc=dtu,dc=dk
Got a cn? : mark lewis

Timestamp: 2015-01-14:1421243783.19
Finding data from uid: mark

Timestamp: 2015-01-14:1421244056.3
Finding data from uid: mark
dn: cn=mark lewis,ou=person,dc=fysik,dc=dtu,dc=dk
Got a cn? : mark lewis

Timestamp: 2015-01-14:1421244359.13
Finding data from uid: mark
dn: cn=mark lewis,ou=person,dc=fysik,dc=dtu,dc=dk
Got a cn? : mark lewis

Timestamp: 2015-01-14:1421244490.69
Finding data from uid: mark
dn: cn=mark lewis,ou=person,dc=fysik,dc=dtu,dc=dk
Got a cn? : mark lewis

Timestamp: 2015-01-14:1421244797.75
Finding data from uid: mark
dn: cn=mark lewis,ou=person,dc=fysik,dc=dtu,dc=dk
Got a cn? : mark lewis

Timestamp: 2015-01-14:1421245677.3
Finding data from uid: mark

Timestamp: 2015-01-14:1421245861.42
Finding data from uid: mark
dn: cn=mark lewis,ou=person,dc=fysik,dc=dtu,dc=dk
Got a cn? : mark lewis

Timestamp: 2015-01-14:1421245941.4
Finding data from uid: mark
dn: cn=mark lewis,ou=person,dc=fysik,dc=dtu,dc=dk
Got a cn? : mark lewis

Timestamp: 2015-01-14:1421246120.26
Finding data from uid: mark
dn: cn=mark lewis,ou=person,dc=fysik,dc=dtu,dc=dk
Got a cn? : mark lewis

Timestamp: 2015-01-14:1421246208.33
Finding data from uid: mark
dn: cn=mark lewis,ou=person,dc=fysik,dc=dtu,dc=dk
Got a cn? : mark lewis

Timestamp: 2015-01-14:1421246272.02
Finding data from uid: mark
dn: cn=mark lewis,ou=person,dc=fysik,dc=dtu,dc=dk
Got a cn? : mark lewis

Timestamp: 2015-01-14:1421246304.27
Finding data from uid: mark
dn: cn=mark lewis,ou=person,dc=fysik,dc=dtu,dc=dk
Got a cn? : mark lewis

Timestamp: 2015-01-14:1421246359.05
Finding data from uid: mark
dn: cn=mark lewis,ou=person,dc=fysik,dc=dtu,dc=dk
Got a cn? : mark lewis

Timestamp: 2015-01-14:1421246434.95
Finding data from uid: mark

Timestamp: 2015-01-14:1421246488.29
Finding data from uid: mark
dn: cn=mark lewis,ou=person,dc=fysik,dc=dtu,dc=dk
Got a cn? : mark lewis

Timestamp: 2015-01-14:1421246524.55
Finding data from uid: mark
dn: cn=mark lewis,ou=person,dc=fysik,dc=dtu,dc=dk
Got a cn? : mark lewis

Timestamp: 2015-01-14:1421246565.47
Finding data from uid: mark
dn: cn=mark lewis,ou=person,dc=fysik,dc=dtu,dc=dk
Got a cn? : mark lewis

Timestamp: 2015-01-14:1421246630.94
Finding data from uid: mark
dn: cn=mark lewis,ou=person,dc=fysik,dc=dtu,dc=dk
Got a cn? : mark lewis

Timestamp: 2015-01-14:1421246681.98
Finding data from uid: mark
dn: cn=mark lewis,ou=person,dc=fysik,dc=dtu,dc=dk
Got a cn? : mark lewis
objectClass: inetOrgPerson
cn:: bWFyayBsZXdpcyA=
sn:: bGV3aXMg
displayName:: bWFyayA=
uid:: bWFyayA=
mail:: bCA=
ou: person

Timestamp: 2015-01-14:1421246844.97
Finding data from uid: mark
dn: cn=mark lewis,ou=person,dc=fysik,dc=dtu,dc=dk
Got a cn? : mark lewis
objectClass: inetOrgPerson
cn:: bWFyayBsZXdpcyA=
sn:: bGV3aXMg
displayName:: bWFyayA=
uid:: bWFyayA=
mail:: bCA=
ou: person

Timestamp: 2015-01-14:1421247104.2
Finding data from uid: mark
dn: cn=mark lewis,ou=person,dc=fysik,dc=dtu,dc=dk
Got a cn? : mark lewis
objectClass: inetOrgPerson
cn:: bWFyayBsZXdpcyA=
sn:: bGV3aXMg
displayName:: bWFyayA=
uid:: bWFyayA=
mail:: bCA=
ou: person

Timestamp: 2015-01-14:1421247418.95
Finding data from uid: mark
dn: cn=mark lewis,ou=person,dc=fysik,dc=dtu,dc=dk
Got a cn? : mark lewis
objectClass: inetOrgPerson
cn:: bWFyayBsZXdpcyA=
sn:: bGV3aXMg
displayName:: bWFyayA=
uid:: bWFyayA=
mail:: bCA=
ou: person

Timestamp: 2015-01-14:1421247792.24
Finding data from uid: mark
dn: cn=mark lewis,ou=person,dc=fysik,dc=dtu,dc=dk
Got a cn? : mark lewis
objectClass: inetOrgPerson
cn:: bWFyayBsZXdpcyA=
sn:: bGV3aXMg
displayName:: bWFyayA=
uid:: bWFyayA=
mail:: bCA=
ou: person

Timestamp: 2015-01-14:1421247842.88
Finding data from uid: mark
dn: cn=mark lewis,ou=person,dc=fysik,dc=dtu,dc=dk
Got a cn? : mark lewis
objectClass: inetOrgPerson
cn:: bWFyayBsZXdpcyA=
sn:: bGV3aXMg
displayName:: bWFyayA=
uid:: bWFyayA=
mail:: bCA=
ou: person
