INFO: Using directory: "1e4"
INFO: Using existing c-file: ./ILL_IN5.c
INFO: Using existing binary: ./ILL_IN5.out
INFO: ===
Simulation 'ILL_IN5' (ILL_IN5.instr): running on 8 nodes (master is 'hypatia.fysik.dtu.dk', MPI version 3.1).
Instrument: ILL_IN5 (IN5 disk chopper time-of-flight spectrometer).
  Wavelength lambda=4.5 [Angs]
Chopper 0: L=0.000000 [m] V=890.117919 [rad/s] Phase=0.000000 [mu-sec]           op-times(0.000000+n*0.003529)s +/- 0.000176
Chopper 1: L=5.308300 [m] V=890.117919 [rad/s] Phase=6038.204920 [mu-sec]           op-times(0.006038+n*0.003529)s +/- 0.000176
Instrument: ILL_IN5 (IN5 disk chopper time-of-flight spectrometer).
  Wavelength lambda=4.5 [Angs]
Chopper 0: L=0.000000 [m] V=890.117919 [rad/s] Phase=0.000000 [mu-sec]           op-times(0.000000+n*0.003529)s +/- 0.000176
Chopper 1: L=5.308300 [m] V=890.117919 [rad/s] Phase=6038.204920 [mu-sec]           op-times(0.006038+n*0.003529)s +/- 0.000176
Instrument: ILL_IN5 (IN5 disk chopper time-of-flight spectrometer).
  Wavelength lambda=4.5 [Angs]
Chopper 0: L=0.000000 [m] V=890.117919 [rad/s] Phase=0.000000 [mu-sec]           op-times(0.000000+n*0.003529)s +/- 0.000176
Chopper 1: L=5.308300 [m] V=890.117919 [rad/s] Phase=6038.204920 [mu-sec]           op-times(0.006038+n*0.003529)s +/- 0.000176
Chopper 2: L=5.458300 [m] V=890.117919 [rad/s] Phase=6208.830306 [mu-sec]           op-times(0.006209+n*0.003529)s +/- 0.000176
Chopper 3: L=12.428900 [m] V=445.058959 [rad/s] Phase=14137.905757 [mu-sec]           op-times(0.014138+n*0.007059)s +/- 0.000373
Chopper 4: L=12.483900 [m] V=890.117919 [rad/s] Phase=14200.468398 [mu-sec]           op-times(0.014200+n*0.003529)s +/- 0.000186
Chopper 5: L=13.253900 [m] V=890.117919 [rad/s] Phase=15076.345381 [mu-sec]           op-times(0.015076+n*0.003529)s +/- 0.000064
Chopper 6: L=13.308900 [m] V=890.117919 [rad/s] Phase=15138.908023 [mu-sec]           op-times(0.015139+n*0.003529)s +/- 0.000064
Instrument: ILL_IN5 (IN5 disk chopper time-of-flight spectrometer).
  Wavelength lambda=4.5 [Angs]
Chopper 0: L=0.000000 [m] V=890.117919 [rad/s] Phase=0.000000 [mu-sec]           op-times(0.000000+n*0.003529)s +/- 0.000176
Chopper 1: L=5.308300 [m] V=890.117919 [rad/s] Phase=6038.204920 [mu-sec]           op-times(0.006038+n*0.003529)s +/- 0.000176
Chopper 2: L=5.458300 [m] V=890.117919 [rad/s] Phase=6208.830306 [mu-sec]           op-times(0.006209+n*0.003529)s +/- 0.000176
Chopper 3: L=12.428900 [m] V=445.058959 [rad/s] Phase=14137.905757 [mu-sec]           op-times(0.014138+n*0.007059)s +/- 0.000373
Chopper 4: L=12.483900 [m] V=890.117919 [rad/s] Phase=14200.468398 [mu-sec]           op-times(0.014200+n*0.003529)s +/- 0.000186
Chopper 5: L=13.253900 [m] V=890.117919 [rad/s] Phase=15076.345381 [mu-sec]           op-times(0.015076+n*0.003529)s +/- 0.000064
Chopper 6: L=13.308900 [m] V=890.117919 [rad/s] Phase=15138.908023 [mu-sec]           op-times(0.015139+n*0.003529)s +/- 0.000064
Instrument: ILL_IN5 (IN5 disk chopper time-of-flight spectrometer).
  Wavelength lambda=4.5 [Angs]
Chopper 0: L=0.000000 [m] V=890.117919 [rad/s] Phase=0.000000 [mu-sec]           op-times(0.000000+n*0.003529)s +/- 0.000176
Chopper 1: L=5.308300 [m] V=890.117919 [rad/s] Phase=6038.204920 [mu-sec]           op-times(0.006038+n*0.003529)s +/- 0.000176
Chopper 2: L=5.458300 [m] V=890.117919 [rad/s] Phase=6208.830306 [mu-sec]           op-times(0.006209+n*0.003529)s +/- 0.000176
Chopper 3: L=12.428900 [m] V=445.058959 [rad/s] Phase=14137.905757 [mu-sec]           op-times(0.014138+n*0.007059)s +/- 0.000373
Chopper 4: L=12.483900 [m] V=890.117919 [rad/s] Phase=14200.468398 [mu-sec]           op-times(0.014200+n*0.003529)s +/- 0.000186
Chopper 5: L=13.253900 [m] V=890.117919 [rad/s] Phase=15076.345381 [mu-sec]           op-times(0.015076+n*0.003529)s +/- 0.000064
Chopper 6: L=13.308900 [m] V=890.117919 [rad/s] Phase=15138.908023 [mu-sec]           op-times(0.015139+n*0.003529)s +/- 0.000064
Instrument: ILL_IN5 (IN5 disk chopper time-of-flight spectrometer).
  Wavelength lambda=4.5 [Angs]
Chopper 0: L=0.000000 [m] V=890.117919 [rad/s] Phase=0.000000 [mu-sec]           op-times(0.000000+n*0.003529)s +/- 0.000176
Chopper 1: L=5.308300 [m] V=890.117919 [rad/s] Phase=6038.204920 [mu-sec]           op-times(0.006038+n*0.003529)s +/- 0.000176
Chopper 2: L=5.458300 [m] V=890.117919 [rad/s] Phase=6208.830306 [mu-sec]           op-times(0.006209+n*0.003529)s +/- 0.000176
Chopper 3: L=12.428900 [m] V=445.058959 [rad/s] Phase=14137.905757 [mu-sec]           op-times(0.014138+n*0.007059)s +/- 0.000373
Chopper 4: L=12.483900 [m] V=890.117919 [rad/s] Phase=14200.468398 [mu-sec]           op-times(0.014200+n*0.003529)s +/- 0.000186
Chopper 5: L=13.253900 [m] V=890.117919 [rad/s] Phase=15076.345381 [mu-sec]           op-times(0.015076+n*0.003529)s +/- 0.000064
Chopper 6: L=13.308900 [m] V=890.117919 [rad/s] Phase=15138.908023 [mu-sec]           op-times(0.015139+n*0.003529)s +/- 0.000064
Instrument: ILL_IN5 (IN5 disk chopper time-of-flight spectrometer).
  Wavelength lambda=4.5 [Angs]
Chopper 0: L=0.000000 [m] V=890.117919 [rad/s] Phase=0.000000 [mu-sec]           op-times(0.000000+n*0.003529)s +/- 0.000176
Chopper 1: L=5.308300 [m] V=890.117919 [rad/s] Phase=6038.204920 [mu-sec]           op-times(0.006038+n*0.003529)s +/- 0.000176
Chopper 2: L=5.458300 [m] V=890.117919 [rad/s] Phase=6208.830306 [mu-sec]           op-times(0.006209+n*0.003529)s +/- 0.000176
Chopper 3: L=12.428900 [m] V=445.058959 [rad/s] Phase=14137.905757 [mu-sec]           op-times(0.014138+n*0.007059)s +/- 0.000373
Chopper 4: L=12.483900 [m] V=890.117919 [rad/s] Phase=14200.468398 [mu-sec]           op-times(0.014200+n*0.003529)s +/- 0.000186
Chopper 5: L=13.253900 [m] V=890.117919 [rad/s] Phase=15076.345381 [mu-sec]           op-times(0.015076+n*0.003529)s +/- 0.000064
Chopper 6: L=13.308900 [m] V=890.117919 [rad/s] Phase=15138.908023 [mu-sec]           op-times(0.015139+n*0.003529)s +/- 0.000064
Chopper 2: L=5.458300 [m] V=890.117919 [rad/s] Phase=6208.830306 [mu-sec]           op-times(0.006209+n*0.003529)s +/- 0.000176
Chopper 3: L=12.428900 [m] V=445.058959 [rad/s] Phase=14137.905757 [mu-sec]           op-times(0.014138+n*0.007059)s +/- 0.000373
Chopper 4: L=12.483900 [m] V=890.117919 [rad/s] Phase=14200.468398 [mu-sec]           op-times(0.014200+n*0.003529)s +/- 0.000186
Chopper 5: L=13.253900 [m] V=890.117919 [rad/s] Phase=15076.345381 [mu-sec]           op-times(0.015076+n*0.003529)s +/- 0.000064
Chopper 6: L=13.308900 [m] V=890.117919 [rad/s] Phase=15138.908023 [mu-sec]           op-times(0.015139+n*0.003529)s +/- 0.000064
Chopper 2: L=5.458300 [m] V=890.117919 [rad/s] Phase=6208.830306 [mu-sec]           op-times(0.006209+n*0.003529)s +/- 0.000176
Chopper 3: L=12.428900 [m] V=445.058959 [rad/s] Phase=14137.905757 [mu-sec]           op-times(0.014138+n*0.007059)s +/- 0.000373
Chopper 4: L=12.483900 [m] V=890.117919 [rad/s] Phase=14200.468398 [mu-sec]           op-times(0.014200+n*0.003529)s +/- 0.000186
Chopper 5: L=13.253900 [m] V=890.117919 [rad/s] Phase=15076.345381 [mu-sec]           op-times(0.015076+n*0.003529)s +/- 0.000064
Chopper 6: L=13.308900 [m] V=890.117919 [rad/s] Phase=15138.908023 [mu-sec]           op-times(0.015139+n*0.003529)s +/- 0.000064
Instrument: ILL_IN5 (IN5 disk chopper time-of-flight spectrometer).
  Wavelength lambda=4.5 [Angs]
Chopper 0: L=0.000000 [m] V=890.117919 [rad/s] Phase=0.000000 [mu-sec]           op-times(0.000000+n*0.003529)s +/- 0.000176
Chopper 1: L=5.308300 [m] V=890.117919 [rad/s] Phase=6038.204920 [mu-sec]           op-times(0.006038+n*0.003529)s +/- 0.000176
Chopper 2: L=5.458300 [m] V=890.117919 [rad/s] Phase=6208.830306 [mu-sec]           op-times(0.006209+n*0.003529)s +/- 0.000176
Chopper 3: L=12.428900 [m] V=445.058959 [rad/s] Phase=14137.905757 [mu-sec]           op-times(0.014138+n*0.007059)s +/- 0.000373
Chopper 4: L=12.483900 [m] V=890.117919 [rad/s] Phase=14200.468398 [mu-sec]           op-times(0.014200+n*0.003529)s +/- 0.000186
Chopper 5: L=13.253900 [m] V=890.117919 [rad/s] Phase=15076.345381 [mu-sec]           op-times(0.015076+n*0.003529)s +/- 0.000064
Chopper 6: L=13.308900 [m] V=890.117919 [rad/s] Phase=15138.908023 [mu-sec]           op-times(0.015139+n*0.003529)s +/- 0.000064
[ILL_IN5] Initialize
[ILL_IN5] Initialize
[ILL_IN5] Initialize
[ILL_IN5] Initialize
[ILL_IN5] Initialize
[ILL_IN5] Initialize
[ILL_IN5] Initialize
[ILL_IN5] Initialize
Source_gen: component VCS (square 0.14 x 0.22)
            focusing distance dist=2.55 area=0.038 x 0.2
            spectra 4.450 to 4.550 AA (3.952 to 4.131 meV)
            T1=216.8 K (2.093 AA), T2=33.9 K (5.292 AA), T3=16.7 K (7.539 AA)
  Flux is dPhi/dlambda in [n/s/cm2].
Monitor_nD: Det_sample_t is using automatic limits option 'auto' together with MPI.
WARNING     this may create incorrect distributions (but integrated flux will be right).
Isotropic_Sqw: SAMPLE: is a hollow cylinder: radius=0.015000 thickness=0.012500 height=0.060000 [J Comp Phys 228 (2009) 5251]
Opening input file '/u/data/pkwi/McStas/mcstas/3.0-dev/tools/Python/mcrun/../mccodelib/../../../data/Y3Fe5O12_YIG.laz' (Table_Read_Offset)
Opening input file '/u/data/pkwi/McStas/mcstas/3.0-dev/tools/Python/mcrun/../mccodelib/../../../data/Y3Fe5O12_YIG.laz' (Table_Read_Offset)
Isotropic_sqw: Converting 594 powder lines from Y3Fe5O12_YIG.laz into S(q,w) data
Isotropic_sqw: q range [0:11.7751], creating 1678 elements vector
Isotropic_Sqw: SAMPLE: Generated Y3Fe5O12_YIG.laz coherent Sqw
                   q=[0:11.7681 Angs-1] w=[0:0 meV] |S|=0.0250511 size=[1678x1] sigma=1036.16 [barns]
               Mainly elastic scattering.
Isotropic_Sqw: SAMPLE: Using Isotropic elastic incoherent scattering (sigma=19.672 [barns])
Isotropic_Sqw: SAMPLE: Sample temperature not defined (T=0).
Warning        Disabling detailed balance.
Isotropic_Sqw: SAMPLE: Focusing can only apply for single
               scattering. Setting to order=1.
Opening input file '/u/data/pkwi/McStas/mcstas/3.0-dev/tools/Python/mcrun/../mccodelib/../../../data/Fe.laz' (Table_Read_Offset)
Table from file 'Fe.laz' (block 1) is 17 x 18 (x=1:5), constant step. interpolation: linear
  '# TITLE *Iron-Fe-[IM3-M] Swanson, H.E.;Tatge, E.[1954] [Iron alpha phase];# ...'
PowderN: hous: Reading 17 rows from Fe.laz
PowderN: hous: Read 17 reflections from file 'Fe.laz'
PowderN: hous: Vc=24.04 [Angs] sigma_abs=5.12 [barn] sigma_inc=0.8 [barn] reflections=Fe.laz
Opening input file '/u/data/pkwi/McStas/mcstas/3.0-dev/tools/Python/mcrun/../mccodelib/../../../contrib/Gas_tables/He3inHe.table' (Table_Read_Offset)
Opening input file '/u/data/pkwi/McStas/mcstas/3.0-dev/tools/Python/mcrun/../mccodelib/../../../contrib/Gas_tables/He3inCF4.table' (Table_Read_Offset)
Opening input file '/u/data/pkwi/McStas/mcstas/3.0-dev/tools/Python/mcrun/../mccodelib/../../../contrib/Gas_tables/He3inHe.table' (Table_Read_Offset)
Opening input file '/u/data/pkwi/McStas/mcstas/3.0-dev/tools/Python/mcrun/../mccodelib/../../../contrib/Gas_tables/He3inCF4.table' (Table_Read_Offset)
Opening input file '/u/data/pkwi/McStas/mcstas/3.0-dev/tools/Python/mcrun/../mccodelib/../../../contrib/Gas_tables/He3inHe.table' (Table_Read_Offset)
Opening input file '/u/data/pkwi/McStas/mcstas/3.0-dev/tools/Python/mcrun/../mccodelib/../../../contrib/Gas_tables/He3inCF4.table' (Table_Read_Offset)
*** TRACE end *** 

Save [ILL_IN5]
Detector: Det_sample_t_I=3.4816e+07 Det_sample_t_ERR=6.11995e+06 Det_sample_t_N=41 "Det_sample_t_1633442100.t"
Detector: Det_ideal_ay_I=1.44751e+06 Det_ideal_ay_ERR=403763 Det_ideal_ay_N=17 "Det_ideal_ay_1633442100.th_y"
Detector: Det_PSD_I=1.48098e+06 Det_PSD_ERR=430103 Det_PSD_N=16 "in5det.dat"

Finally [ILL_IN5: 1e4]. Time: 0 [s] 

Finally [ILL_IN5: 1e4]. Time: 0 [s] 

Finally [ILL_IN5: 1e4]. Time: 0 [s] 

Finally [ILL_IN5: 1e4]. Time: 0 [s] 

Finally [ILL_IN5: 1e4]. Time: 0 [s] 

Finally [ILL_IN5: 1e4]. Time: 0 [s] 

Finally [ILL_IN5: 1e4]. Time: 0 [s] 
Detector: in5_t_I=2.98632e+06 in5_t_ERR=1.03409e+06 in5_t_N=34 "in5_t_1633442100.t"

Finally [ILL_IN5: 1e4]. Time: 0 [s] 
Isotropic_Sqw: SAMPLE: Scattering fraction=0.432305 of incoming intensity
               Absorption fraction           =0.460375
               Single   scattering intensity =4.71018e+06 (coh=4.57728e+06 inc=132903)
               Multiple scattering intensity =0
INFO: Placing instr file copy ILL_IN5.instr in dataset 1e4
loading system configuration
loading user configuration from /home/nexmap/pkwi/.mcstas/3.0-dev/mccode_config.json
real 0.67
user 1.22
sys 0.46
INFO: Using directory: "1e5"
INFO: Using existing c-file: ./ILL_IN5.c
INFO: Using existing binary: ./ILL_IN5.out
INFO: ===
Simulation 'ILL_IN5' (ILL_IN5.instr): running on 8 nodes (master is 'hypatia.fysik.dtu.dk', MPI version 3.1).
Instrument: ILL_IN5 (IN5 disk chopper time-of-flight spectrometer).
  Wavelength lambda=4.5 [Angs]
Instrument: ILL_IN5 (IN5 disk chopper time-of-flight spectrometer).
  Wavelength lambda=4.5 [Angs]
Chopper 0: L=0.000000 [m] V=890.117919 [rad/s] Phase=0.000000 [mu-sec]           op-times(0.000000+n*0.003529)s +/- 0.000176
Chopper 1: L=5.308300 [m] V=890.117919 [rad/s] Phase=6038.204920 [mu-sec]           op-times(0.006038+n*0.003529)s +/- 0.000176
Chopper 2: L=5.458300 [m] V=890.117919 [rad/s] Phase=6208.830306 [mu-sec]           op-times(0.006209+n*0.003529)s +/- 0.000176
Chopper 3: L=12.428900 [m] V=445.058959 [rad/s] Phase=14137.905757 [mu-sec]           op-times(0.014138+n*0.007059)s +/- 0.000373
Instrument: ILL_IN5 (IN5 disk chopper time-of-flight spectrometer).
  Wavelength lambda=4.5 [Angs]
Instrument: ILL_IN5 (IN5 disk chopper time-of-flight spectrometer).
  Wavelength lambda=4.5 [Angs]
Chopper 0: L=0.000000 [m] V=890.117919 [rad/s] Phase=0.000000 [mu-sec]           op-times(0.000000+n*0.003529)s +/- 0.000176
Instrument: ILL_IN5 (IN5 disk chopper time-of-flight spectrometer).
  Wavelength lambda=4.5 [Angs]
Chopper 0: L=0.000000 [m] V=890.117919 [rad/s] Phase=0.000000 [mu-sec]           op-times(0.000000+n*0.003529)s +/- 0.000176
Chopper 1: L=5.308300 [m] V=890.117919 [rad/s] Phase=6038.204920 [mu-sec]           op-times(0.006038+n*0.003529)s +/- 0.000176
Instrument: ILL_IN5 (IN5 disk chopper time-of-flight spectrometer).
  Wavelength lambda=4.5 [Angs]
Chopper 0: L=0.000000 [m] V=890.117919 [rad/s] Phase=0.000000 [mu-sec]           op-times(0.000000+n*0.003529)s +/- 0.000176
Chopper 1: L=5.308300 [m] V=890.117919 [rad/s] Phase=6038.204920 [mu-sec]           op-times(0.006038+n*0.003529)s +/- 0.000176
Chopper 2: L=5.458300 [m] V=890.117919 [rad/s] Phase=6208.830306 [mu-sec]           op-times(0.006209+n*0.003529)s +/- 0.000176
Instrument: ILL_IN5 (IN5 disk chopper time-of-flight spectrometer).
  Wavelength lambda=4.5 [Angs]
Chopper 0: L=0.000000 [m] V=890.117919 [rad/s] Phase=0.000000 [mu-sec]           op-times(0.000000+n*0.003529)s +/- 0.000176
Chopper 1: L=5.308300 [m] V=890.117919 [rad/s] Phase=6038.204920 [mu-sec]           op-times(0.006038+n*0.003529)s +/- 0.000176
Chopper 2: L=5.458300 [m] V=890.117919 [rad/s] Phase=6208.830306 [mu-sec]           op-times(0.006209+n*0.003529)s +/- 0.000176
Chopper 3: L=12.428900 [m] V=445.058959 [rad/s] Phase=14137.905757 [mu-sec]           op-times(0.014138+n*0.007059)s +/- 0.000373
Chopper 0: L=0.000000 [m] V=890.117919 [rad/s] Phase=0.000000 [mu-sec]           op-times(0.000000+n*0.003529)s +/- 0.000176
Chopper 1: L=5.308300 [m] V=890.117919 [rad/s] Phase=6038.204920 [mu-sec]           op-times(0.006038+n*0.003529)s +/- 0.000176
Chopper 2: L=5.458300 [m] V=890.117919 [rad/s] Phase=6208.830306 [mu-sec]           op-times(0.006209+n*0.003529)s +/- 0.000176
Chopper 3: L=12.428900 [m] V=445.058959 [rad/s] Phase=14137.905757 [mu-sec]           op-times(0.014138+n*0.007059)s +/- 0.000373
Chopper 4: L=12.483900 [m] V=890.117919 [rad/s] Phase=14200.468398 [mu-sec]           op-times(0.014200+n*0.003529)s +/- 0.000186
Chopper 5: L=13.253900 [m] V=890.117919 [rad/s] Phase=15076.345381 [mu-sec]           op-times(0.015076+n*0.003529)s +/- 0.000064
Chopper 6: L=13.308900 [m] V=890.117919 [rad/s] Phase=15138.908023 [mu-sec]           op-times(0.015139+n*0.003529)s +/- 0.000064
Chopper 4: L=12.483900 [m] V=890.117919 [rad/s] Phase=14200.468398 [mu-sec]           op-times(0.014200+n*0.003529)s +/- 0.000186
Chopper 5: L=13.253900 [m] V=890.117919 [rad/s] Phase=15076.345381 [mu-sec]           op-times(0.015076+n*0.003529)s +/- 0.000064
Chopper 6: L=13.308900 [m] V=890.117919 [rad/s] Phase=15138.908023 [mu-sec]           op-times(0.015139+n*0.003529)s +/- 0.000064
Chopper 0: L=0.000000 [m] V=890.117919 [rad/s] Phase=0.000000 [mu-sec]           op-times(0.000000+n*0.003529)s +/- 0.000176
Chopper 1: L=5.308300 [m] V=890.117919 [rad/s] Phase=6038.204920 [mu-sec]           op-times(0.006038+n*0.003529)s +/- 0.000176
Chopper 2: L=5.458300 [m] V=890.117919 [rad/s] Phase=6208.830306 [mu-sec]           op-times(0.006209+n*0.003529)s +/- 0.000176
Chopper 3: L=12.428900 [m] V=445.058959 [rad/s] Phase=14137.905757 [mu-sec]           op-times(0.014138+n*0.007059)s +/- 0.000373
Chopper 4: L=12.483900 [m] V=890.117919 [rad/s] Phase=14200.468398 [mu-sec]           op-times(0.014200+n*0.003529)s +/- 0.000186
Chopper 5: L=13.253900 [m] V=890.117919 [rad/s] Phase=15076.345381 [mu-sec]           op-times(0.015076+n*0.003529)s +/- 0.000064
Chopper 6: L=13.308900 [m] V=890.117919 [rad/s] Phase=15138.908023 [mu-sec]           op-times(0.015139+n*0.003529)s +/- 0.000064
Chopper 1: L=5.308300 [m] V=890.117919 [rad/s] Phase=6038.204920 [mu-sec]           op-times(0.006038+n*0.003529)s +/- 0.000176
Chopper 2: L=5.458300 [m] V=890.117919 [rad/s] Phase=6208.830306 [mu-sec]           op-times(0.006209+n*0.003529)s +/- 0.000176
Chopper 3: L=12.428900 [m] V=445.058959 [rad/s] Phase=14137.905757 [mu-sec]           op-times(0.014138+n*0.007059)s +/- 0.000373
Chopper 4: L=12.483900 [m] V=890.117919 [rad/s] Phase=14200.468398 [mu-sec]           op-times(0.014200+n*0.003529)s +/- 0.000186
Chopper 5: L=13.253900 [m] V=890.117919 [rad/s] Phase=15076.345381 [mu-sec]           op-times(0.015076+n*0.003529)s +/- 0.000064
Chopper 6: L=13.308900 [m] V=890.117919 [rad/s] Phase=15138.908023 [mu-sec]           op-times(0.015139+n*0.003529)s +/- 0.000064
Chopper 2: L=5.458300 [m] V=890.117919 [rad/s] Phase=6208.830306 [mu-sec]           op-times(0.006209+n*0.003529)s +/- 0.000176
Chopper 3: L=12.428900 [m] V=445.058959 [rad/s] Phase=14137.905757 [mu-sec]           op-times(0.014138+n*0.007059)s +/- 0.000373
Chopper 4: L=12.483900 [m] V=890.117919 [rad/s] Phase=14200.468398 [mu-sec]           op-times(0.014200+n*0.003529)s +/- 0.000186
Chopper 5: L=13.253900 [m] V=890.117919 [rad/s] Phase=15076.345381 [mu-sec]           op-times(0.015076+n*0.003529)s +/- 0.000064
Chopper 6: L=13.308900 [m] V=890.117919 [rad/s] Phase=15138.908023 [mu-sec]           op-times(0.015139+n*0.003529)s +/- 0.000064
Chopper 3: L=12.428900 [m] V=445.058959 [rad/s] Phase=14137.905757 [mu-sec]           op-times(0.014138+n*0.007059)s +/- 0.000373
Chopper 4: L=12.483900 [m] V=890.117919 [rad/s] Phase=14200.468398 [mu-sec]           op-times(0.014200+n*0.003529)s +/- 0.000186
Chopper 5: L=13.253900 [m] V=890.117919 [rad/s] Phase=15076.345381 [mu-sec]           op-times(0.015076+n*0.003529)s +/- 0.000064
Chopper 6: L=13.308900 [m] V=890.117919 [rad/s] Phase=15138.908023 [mu-sec]           op-times(0.015139+n*0.003529)s +/- 0.000064
Chopper 4: L=12.483900 [m] V=890.117919 [rad/s] Phase=14200.468398 [mu-sec]           op-times(0.014200+n*0.003529)s +/- 0.000186
Chopper 5: L=13.253900 [m] V=890.117919 [rad/s] Phase=15076.345381 [mu-sec]           op-times(0.015076+n*0.003529)s +/- 0.000064
Chopper 6: L=13.308900 [m] V=890.117919 [rad/s] Phase=15138.908023 [mu-sec]           op-times(0.015139+n*0.003529)s +/- 0.000064
Instrument: ILL_IN5 (IN5 disk chopper time-of-flight spectrometer).
  Wavelength lambda=4.5 [Angs]
[ILL_IN5] Initialize
Chopper 0: L=0.000000 [m] V=890.117919 [rad/s] Phase=0.000000 [mu-sec]           op-times(0.000000+n*0.003529)s +/- 0.000176
Chopper 1: L=5.308300 [m] V=890.117919 [rad/s] Phase=6038.204920 [mu-sec]           op-times(0.006038+n*0.003529)s +/- 0.000176
Chopper 2: L=5.458300 [m] V=890.117919 [rad/s] Phase=6208.830306 [mu-sec]           op-times(0.006209+n*0.003529)s +/- 0.000176
[ILL_IN5] Initialize
[ILL_IN5] Initialize
[ILL_IN5] Initialize
[ILL_IN5] Initialize
[ILL_IN5] Initialize
[ILL_IN5] Initialize
Chopper 3: L=12.428900 [m] V=445.058959 [rad/s] Phase=14137.905757 [mu-sec]           op-times(0.014138+n*0.007059)s +/- 0.000373
Chopper 4: L=12.483900 [m] V=890.117919 [rad/s] Phase=14200.468398 [mu-sec]           op-times(0.014200+n*0.003529)s +/- 0.000186
Chopper 5: L=13.253900 [m] V=890.117919 [rad/s] Phase=15076.345381 [mu-sec]           op-times(0.015076+n*0.003529)s +/- 0.000064
Chopper 6: L=13.308900 [m] V=890.117919 [rad/s] Phase=15138.908023 [mu-sec]           op-times(0.015139+n*0.003529)s +/- 0.000064
[ILL_IN5] Initialize
Source_gen: component VCS (square 0.14 x 0.22)
            focusing distance dist=2.55 area=0.038 x 0.2
            spectra 4.450 to 4.550 AA (3.952 to 4.131 meV)
            T1=216.8 K (2.093 AA), T2=33.9 K (5.292 AA), T3=16.7 K (7.539 AA)
  Flux is dPhi/dlambda in [n/s/cm2].
Monitor_nD: Det_sample_t is using automatic limits option 'auto' together with MPI.
WARNING     this may create incorrect distributions (but integrated flux will be right).
Isotropic_Sqw: SAMPLE: is a hollow cylinder: radius=0.015000 thickness=0.012500 height=0.060000 [J Comp Phys 228 (2009) 5251]
Opening input file '/u/data/pkwi/McStas/mcstas/3.0-dev/tools/Python/mcrun/../mccodelib/../../../data/Y3Fe5O12_YIG.laz' (Table_Read_Offset)
Opening input file '/u/data/pkwi/McStas/mcstas/3.0-dev/tools/Python/mcrun/../mccodelib/../../../data/Y3Fe5O12_YIG.laz' (Table_Read_Offset)
Isotropic_sqw: Converting 594 powder lines from Y3Fe5O12_YIG.laz into S(q,w) data
Isotropic_sqw: q range [0:11.7751], creating 1678 elements vector
Isotropic_Sqw: SAMPLE: Generated Y3Fe5O12_YIG.laz coherent Sqw
                   q=[0:11.7681 Angs-1] w=[0:0 meV] |S|=0.0250511 size=[1678x1] sigma=1036.16 [barns]
               Mainly elastic scattering.
Isotropic_Sqw: SAMPLE: Using Isotropic elastic incoherent scattering (sigma=19.672 [barns])
Isotropic_Sqw: SAMPLE: Sample temperature not defined (T=0).
Warning        Disabling detailed balance.
Isotropic_Sqw: SAMPLE: Focusing can only apply for single
               scattering. Setting to order=1.
Opening input file '/u/data/pkwi/McStas/mcstas/3.0-dev/tools/Python/mcrun/../mccodelib/../../../data/Fe.laz' (Table_Read_Offset)
Table from file 'Fe.laz' (block 1) is 17 x 18 (x=1:5), constant step. interpolation: linear
  '# TITLE *Iron-Fe-[IM3-M] Swanson, H.E.;Tatge, E.[1954] [Iron alpha phase];# ...'
PowderN: hous: Reading 17 rows from Fe.laz
PowderN: hous: Read 17 reflections from file 'Fe.laz'
PowderN: hous: Vc=24.04 [Angs] sigma_abs=5.12 [barn] sigma_inc=0.8 [barn] reflections=Fe.laz
Opening input file '/u/data/pkwi/McStas/mcstas/3.0-dev/tools/Python/mcrun/../mccodelib/../../../contrib/Gas_tables/He3inHe.table' (Table_Read_Offset)
Opening input file '/u/data/pkwi/McStas/mcstas/3.0-dev/tools/Python/mcrun/../mccodelib/../../../contrib/Gas_tables/He3inCF4.table' (Table_Read_Offset)
Opening input file '/u/data/pkwi/McStas/mcstas/3.0-dev/tools/Python/mcrun/../mccodelib/../../../contrib/Gas_tables/He3inHe.table' (Table_Read_Offset)
Opening input file '/u/data/pkwi/McStas/mcstas/3.0-dev/tools/Python/mcrun/../mccodelib/../../../contrib/Gas_tables/He3inCF4.table' (Table_Read_Offset)
Opening input file '/u/data/pkwi/McStas/mcstas/3.0-dev/tools/Python/mcrun/../mccodelib/../../../contrib/Gas_tables/He3inHe.table' (Table_Read_Offset)
Opening input file '/u/data/pkwi/McStas/mcstas/3.0-dev/tools/Python/mcrun/../mccodelib/../../../contrib/Gas_tables/He3inCF4.table' (Table_Read_Offset)
*** TRACE end *** 

Save [ILL_IN5]
Detector: Det_sample_t_I=4.23775e+07 Det_sample_t_ERR=2.1348e+06 Det_sample_t_N=552 "Det_sample_t_1633442101.t"
Detector: Det_ideal_ay_I=1.47734e+06 Det_ideal_ay_ERR=127872 Det_ideal_ay_N=187 "Det_ideal_ay_1633442101.th_y"
Detector: Det_PSD_I=1.56611e+06 Det_PSD_ERR=139085 Det_PSD_N=184 "in5det.dat"
Detector: in5_t_I=3.12548e+06 in5_t_ERR=282156 in5_t_N=466 "in5_t_1633442101.t"

Finally [ILL_IN5: 1e5]. Time: 0 [s] 

Finally [ILL_IN5: 1e5]. Time: 0 [s] 

Finally [ILL_IN5: 1e5]. Time: 0 [s] 

Finally [ILL_IN5: 1e5]. Time: 0 [s] 

Finally [ILL_IN5: 1e5]. Time: 0 [s] 

Finally [ILL_IN5: 1e5]. Time: 0 [s] 

Finally [ILL_IN5: 1e5]. Time: 0 [s] 

Finally [ILL_IN5: 1e5]. Time: 0 [s] 
Isotropic_Sqw: SAMPLE: 1 neutron events (out of 485) that should have
               scattered were transmitted because scattering conditions
WARNING        could not be satisfied after 100 tries.
Isotropic_Sqw: SAMPLE: Scattering fraction=0.433097 of incoming intensity
               Absorption fraction           =0.460346
               Single   scattering intensity =4.88672e+06 (coh=4.58659e+06 inc=300139)
               Multiple scattering intensity =0
INFO: Placing instr file copy ILL_IN5.instr in dataset 1e5
loading system configuration
loading user configuration from /home/nexmap/pkwi/.mcstas/3.0-dev/mccode_config.json
real 0.72
user 1.33
sys 0.43
INFO: Using directory: "1e6"
INFO: Using existing c-file: ./ILL_IN5.c
INFO: Using existing binary: ./ILL_IN5.out
INFO: ===
Simulation 'ILL_IN5' (ILL_IN5.instr): running on 8 nodes (master is 'hypatia.fysik.dtu.dk', MPI version 3.1).
Instrument: ILL_IN5 (IN5 disk chopper time-of-flight spectrometer).
  Wavelength lambda=4.5 [Angs]
Chopper 0: L=0.000000 [m] V=890.117919 [rad/s] Phase=0.000000 [mu-sec]           op-times(0.000000+n*0.003529)s +/- 0.000176
Chopper 1: L=5.308300 [m] V=890.117919 [rad/s] Phase=6038.204920 [mu-sec]           op-times(0.006038+n*0.003529)s +/- 0.000176
Instrument: ILL_IN5 (IN5 disk chopper time-of-flight spectrometer).
  Wavelength lambda=4.5 [Angs]
Chopper 0: L=0.000000 [m] V=890.117919 [rad/s] Phase=0.000000 [mu-sec]           op-times(0.000000+n*0.003529)s +/- 0.000176
Chopper 1: L=5.308300 [m] V=890.117919 [rad/s] Phase=6038.204920 [mu-sec]           op-times(0.006038+n*0.003529)s +/- 0.000176
Instrument: ILL_IN5 (IN5 disk chopper time-of-flight spectrometer).
  Wavelength lambda=4.5 [Angs]
Chopper 0: L=0.000000 [m] V=890.117919 [rad/s] Phase=0.000000 [mu-sec]           op-times(0.000000+n*0.003529)s +/- 0.000176
Chopper 1: L=5.308300 [m] V=890.117919 [rad/s] Phase=6038.204920 [mu-sec]           op-times(0.006038+n*0.003529)s +/- 0.000176
Chopper 2: L=5.458300 [m] V=890.117919 [rad/s] Phase=6208.830306 [mu-sec]           op-times(0.006209+n*0.003529)s +/- 0.000176
Instrument: ILL_IN5 (IN5 disk chopper time-of-flight spectrometer).
  Wavelength lambda=4.5 [Angs]
Chopper 0: L=0.000000 [m] V=890.117919 [rad/s] Phase=0.000000 [mu-sec]           op-times(0.000000+n*0.003529)s +/- 0.000176
Chopper 1: L=5.308300 [m] V=890.117919 [rad/s] Phase=6038.204920 [mu-sec]           op-times(0.006038+n*0.003529)s +/- 0.000176
Chopper 2: L=5.458300 [m] V=890.117919 [rad/s] Phase=6208.830306 [mu-sec]           op-times(0.006209+n*0.003529)s +/- 0.000176
Chopper 3: L=12.428900 [m] V=445.058959 [rad/s] Phase=14137.905757 [mu-sec]           op-times(0.014138+n*0.007059)s +/- 0.000373
Chopper 4: L=12.483900 [m] V=890.117919 [rad/s] Phase=14200.468398 [mu-sec]           op-times(0.014200+n*0.003529)s +/- 0.000186
Instrument: ILL_IN5 (IN5 disk chopper time-of-flight spectrometer).
  Wavelength lambda=4.5 [Angs]
Chopper 0: L=0.000000 [m] V=890.117919 [rad/s] Phase=0.000000 [mu-sec]           op-times(0.000000+n*0.003529)s +/- 0.000176
Chopper 1: L=5.308300 [m] V=890.117919 [rad/s] Phase=6038.204920 [mu-sec]           op-times(0.006038+n*0.003529)s +/- 0.000176
Chopper 2: L=5.458300 [m] V=890.117919 [rad/s] Phase=6208.830306 [mu-sec]           op-times(0.006209+n*0.003529)s +/- 0.000176
Chopper 3: L=12.428900 [m] V=445.058959 [rad/s] Phase=14137.905757 [mu-sec]           op-times(0.014138+n*0.007059)s +/- 0.000373
Instrument: ILL_IN5 (IN5 disk chopper time-of-flight spectrometer).
  Wavelength lambda=4.5 [Angs]
Chopper 0: L=0.000000 [m] V=890.117919 [rad/s] Phase=0.000000 [mu-sec]           op-times(0.000000+n*0.003529)s +/- 0.000176
Chopper 1: L=5.308300 [m] V=890.117919 [rad/s] Phase=6038.204920 [mu-sec]           op-times(0.006038+n*0.003529)s +/- 0.000176
Chopper 2: L=5.458300 [m] V=890.117919 [rad/s] Phase=6208.830306 [mu-sec]           op-times(0.006209+n*0.003529)s +/- 0.000176
Chopper 3: L=12.428900 [m] V=445.058959 [rad/s] Phase=14137.905757 [mu-sec]           op-times(0.014138+n*0.007059)s +/- 0.000373
Chopper 4: L=12.483900 [m] V=890.117919 [rad/s] Phase=14200.468398 [mu-sec]           op-times(0.014200+n*0.003529)s +/- 0.000186
Chopper 5: L=13.253900 [m] V=890.117919 [rad/s] Phase=15076.345381 [mu-sec]           op-times(0.015076+n*0.003529)s +/- 0.000064
Instrument: ILL_IN5 (IN5 disk chopper time-of-flight spectrometer).
  Wavelength lambda=4.5 [Angs]
Chopper 0: L=0.000000 [m] V=890.117919 [rad/s] Phase=0.000000 [mu-sec]           op-times(0.000000+n*0.003529)s +/- 0.000176
Chopper 1: L=5.308300 [m] V=890.117919 [rad/s] Phase=6038.204920 [mu-sec]           op-times(0.006038+n*0.003529)s +/- 0.000176
Chopper 2: L=5.458300 [m] V=890.117919 [rad/s] Phase=6208.830306 [mu-sec]           op-times(0.006209+n*0.003529)s +/- 0.000176
Chopper 3: L=12.428900 [m] V=445.058959 [rad/s] Phase=14137.905757 [mu-sec]           op-times(0.014138+n*0.007059)s +/- 0.000373
Chopper 4: L=12.483900 [m] V=890.117919 [rad/s] Phase=14200.468398 [mu-sec]           op-times(0.014200+n*0.003529)s +/- 0.000186
Chopper 5: L=13.253900 [m] V=890.117919 [rad/s] Phase=15076.345381 [mu-sec]           op-times(0.015076+n*0.003529)s +/- 0.000064
Chopper 6: L=13.308900 [m] V=890.117919 [rad/s] Phase=15138.908023 [mu-sec]           op-times(0.015139+n*0.003529)s +/- 0.000064
Chopper 2: L=5.458300 [m] V=890.117919 [rad/s] Phase=6208.830306 [mu-sec]           op-times(0.006209+n*0.003529)s +/- 0.000176
Chopper 3: L=12.428900 [m] V=445.058959 [rad/s] Phase=14137.905757 [mu-sec]           op-times(0.014138+n*0.007059)s +/- 0.000373
Chopper 4: L=12.483900 [m] V=890.117919 [rad/s] Phase=14200.468398 [mu-sec]           op-times(0.014200+n*0.003529)s +/- 0.000186
Chopper 5: L=13.253900 [m] V=890.117919 [rad/s] Phase=15076.345381 [mu-sec]           op-times(0.015076+n*0.003529)s +/- 0.000064
Chopper 6: L=13.308900 [m] V=890.117919 [rad/s] Phase=15138.908023 [mu-sec]           op-times(0.015139+n*0.003529)s +/- 0.000064
Chopper 2: L=5.458300 [m] V=890.117919 [rad/s] Phase=6208.830306 [mu-sec]           op-times(0.006209+n*0.003529)s +/- 0.000176
Chopper 3: L=12.428900 [m] V=445.058959 [rad/s] Phase=14137.905757 [mu-sec]           op-times(0.014138+n*0.007059)s +/- 0.000373
Chopper 4: L=12.483900 [m] V=890.117919 [rad/s] Phase=14200.468398 [mu-sec]           op-times(0.014200+n*0.003529)s +/- 0.000186
Chopper 5: L=13.253900 [m] V=890.117919 [rad/s] Phase=15076.345381 [mu-sec]           op-times(0.015076+n*0.003529)s +/- 0.000064
Chopper 6: L=13.308900 [m] V=890.117919 [rad/s] Phase=15138.908023 [mu-sec]           op-times(0.015139+n*0.003529)s +/- 0.000064
Chopper 3: L=12.428900 [m] V=445.058959 [rad/s] Phase=14137.905757 [mu-sec]           op-times(0.014138+n*0.007059)s +/- 0.000373
Chopper 4: L=12.483900 [m] V=890.117919 [rad/s] Phase=14200.468398 [mu-sec]           op-times(0.014200+n*0.003529)s +/- 0.000186
Chopper 5: L=13.253900 [m] V=890.117919 [rad/s] Phase=15076.345381 [mu-sec]           op-times(0.015076+n*0.003529)s +/- 0.000064
Chopper 6: L=13.308900 [m] V=890.117919 [rad/s] Phase=15138.908023 [mu-sec]           op-times(0.015139+n*0.003529)s +/- 0.000064
Chopper 5: L=13.253900 [m] V=890.117919 [rad/s] Phase=15076.345381 [mu-sec]           op-times(0.015076+n*0.003529)s +/- 0.000064
Chopper 6: L=13.308900 [m] V=890.117919 [rad/s] Phase=15138.908023 [mu-sec]           op-times(0.015139+n*0.003529)s +/- 0.000064
Chopper 4: L=12.483900 [m] V=890.117919 [rad/s] Phase=14200.468398 [mu-sec]           op-times(0.014200+n*0.003529)s +/- 0.000186
Chopper 5: L=13.253900 [m] V=890.117919 [rad/s] Phase=15076.345381 [mu-sec]           op-times(0.015076+n*0.003529)s +/- 0.000064
Chopper 6: L=13.308900 [m] V=890.117919 [rad/s] Phase=15138.908023 [mu-sec]           op-times(0.015139+n*0.003529)s +/- 0.000064
Chopper 6: L=13.308900 [m] V=890.117919 [rad/s] Phase=15138.908023 [mu-sec]           op-times(0.015139+n*0.003529)s +/- 0.000064
[ILL_IN5] Initialize
[ILL_IN5] Initialize
[ILL_IN5] Initialize
[ILL_IN5] Initialize
[ILL_IN5] Initialize
[ILL_IN5] Initialize
[ILL_IN5] Initialize
Instrument: ILL_IN5 (IN5 disk chopper time-of-flight spectrometer).
  Wavelength lambda=4.5 [Angs]
Chopper 0: L=0.000000 [m] V=890.117919 [rad/s] Phase=0.000000 [mu-sec]           op-times(0.000000+n*0.003529)s +/- 0.000176
Chopper 1: L=5.308300 [m] V=890.117919 [rad/s] Phase=6038.204920 [mu-sec]           op-times(0.006038+n*0.003529)s +/- 0.000176
Chopper 2: L=5.458300 [m] V=890.117919 [rad/s] Phase=6208.830306 [mu-sec]           op-times(0.006209+n*0.003529)s +/- 0.000176
Chopper 3: L=12.428900 [m] V=445.058959 [rad/s] Phase=14137.905757 [mu-sec]           op-times(0.014138+n*0.007059)s +/- 0.000373
Chopper 4: L=12.483900 [m] V=890.117919 [rad/s] Phase=14200.468398 [mu-sec]           op-times(0.014200+n*0.003529)s +/- 0.000186
Chopper 5: L=13.253900 [m] V=890.117919 [rad/s] Phase=15076.345381 [mu-sec]           op-times(0.015076+n*0.003529)s +/- 0.000064
Chopper 6: L=13.308900 [m] V=890.117919 [rad/s] Phase=15138.908023 [mu-sec]           op-times(0.015139+n*0.003529)s +/- 0.000064
[ILL_IN5] Initialize
Source_gen: component VCS (square 0.14 x 0.22)
            focusing distance dist=2.55 area=0.038 x 0.2
            spectra 4.450 to 4.550 AA (3.952 to 4.131 meV)
            T1=216.8 K (2.093 AA), T2=33.9 K (5.292 AA), T3=16.7 K (7.539 AA)
  Flux is dPhi/dlambda in [n/s/cm2].
Monitor_nD: Det_sample_t is using automatic limits option 'auto' together with MPI.
WARNING     this may create incorrect distributions (but integrated flux will be right).
Isotropic_Sqw: SAMPLE: is a hollow cylinder: radius=0.015000 thickness=0.012500 height=0.060000 [J Comp Phys 228 (2009) 5251]
Opening input file '/u/data/pkwi/McStas/mcstas/3.0-dev/tools/Python/mcrun/../mccodelib/../../../data/Y3Fe5O12_YIG.laz' (Table_Read_Offset)
Opening input file '/u/data/pkwi/McStas/mcstas/3.0-dev/tools/Python/mcrun/../mccodelib/../../../data/Y3Fe5O12_YIG.laz' (Table_Read_Offset)
Isotropic_sqw: Converting 594 powder lines from Y3Fe5O12_YIG.laz into S(q,w) data
Isotropic_sqw: q range [0:11.7751], creating 1678 elements vector
Isotropic_Sqw: SAMPLE: Generated Y3Fe5O12_YIG.laz coherent Sqw
                   q=[0:11.7681 Angs-1] w=[0:0 meV] |S|=0.0250511 size=[1678x1] sigma=1036.16 [barns]
               Mainly elastic scattering.
Isotropic_Sqw: SAMPLE: Using Isotropic elastic incoherent scattering (sigma=19.672 [barns])
Isotropic_Sqw: SAMPLE: Sample temperature not defined (T=0).
Warning        Disabling detailed balance.
Isotropic_Sqw: SAMPLE: Focusing can only apply for single
               scattering. Setting to order=1.
Opening input file '/u/data/pkwi/McStas/mcstas/3.0-dev/tools/Python/mcrun/../mccodelib/../../../data/Fe.laz' (Table_Read_Offset)
Table from file 'Fe.laz' (block 1) is 17 x 18 (x=1:5), constant step. interpolation: linear
  '# TITLE *Iron-Fe-[IM3-M] Swanson, H.E.;Tatge, E.[1954] [Iron alpha phase];# ...'
PowderN: hous: Reading 17 rows from Fe.laz
PowderN: hous: Read 17 reflections from file 'Fe.laz'
PowderN: hous: Vc=24.04 [Angs] sigma_abs=5.12 [barn] sigma_inc=0.8 [barn] reflections=Fe.laz
Opening input file '/u/data/pkwi/McStas/mcstas/3.0-dev/tools/Python/mcrun/../mccodelib/../../../contrib/Gas_tables/He3inHe.table' (Table_Read_Offset)
Opening input file '/u/data/pkwi/McStas/mcstas/3.0-dev/tools/Python/mcrun/../mccodelib/../../../contrib/Gas_tables/He3inCF4.table' (Table_Read_Offset)
Opening input file '/u/data/pkwi/McStas/mcstas/3.0-dev/tools/Python/mcrun/../mccodelib/../../../contrib/Gas_tables/He3inHe.table' (Table_Read_Offset)
Opening input file '/u/data/pkwi/McStas/mcstas/3.0-dev/tools/Python/mcrun/../mccodelib/../../../contrib/Gas_tables/He3inCF4.table' (Table_Read_Offset)
Opening input file '/u/data/pkwi/McStas/mcstas/3.0-dev/tools/Python/mcrun/../mccodelib/../../../contrib/Gas_tables/He3inHe.table' (Table_Read_Offset)
Opening input file '/u/data/pkwi/McStas/mcstas/3.0-dev/tools/Python/mcrun/../mccodelib/../../../contrib/Gas_tables/He3inCF4.table' (Table_Read_Offset)
*** TRACE end *** 

Save [ILL_IN5]
Detector: Det_sample_t_I=3.80886e+07 Det_sample_t_ERR=637817 Det_sample_t_N=5234 "Det_sample_t_1633442102.t"
Detector: Det_ideal_ay_I=1.33614e+06 Det_ideal_ay_ERR=38166.6 Det_ideal_ay_N=1827 "Det_ideal_ay_1633442102.th_y"
Detector: Det_PSD_I=1.2942e+06 Det_PSD_ERR=39782.6 Det_PSD_N=1720 "in5det.dat"

Finally [ILL_IN5: 1e6]. Time: 0 [s] 

Finally [ILL_IN5: 1e6]. Time: 0 [s] 

Finally [ILL_IN5: 1e6]. Time: 0 [s] 

Finally [ILL_IN5: 1e6]. Time: 0 [s] 

Finally [ILL_IN5: 1e6]. Time: 0 [s] 

Finally [ILL_IN5: 1e6]. Time: 0 [s] 

Finally [ILL_IN5: 1e6]. Time: 0 [s] 
Detector: in5_t_I=2.66511e+06 in5_t_ERR=80140.9 in5_t_N=4396 "in5_t_1633442102.t"

Finally [ILL_IN5: 1e6]. Time: 0 [s] 
Isotropic_Sqw: SAMPLE: 3 neutron events (out of 4549) that should have
               scattered were transmitted because scattering conditions
WARNING        could not be satisfied after 100 tries.
Isotropic_Sqw: SAMPLE: Scattering fraction=0.432556 of incoming intensity
               Absorption fraction           =0.460389
               Single   scattering intensity =4.11876e+06 (coh=3.88179e+06 inc=236973)
               Multiple scattering intensity =0
INFO: Placing instr file copy ILL_IN5.instr in dataset 1e6
loading system configuration
loading user configuration from /home/nexmap/pkwi/.mcstas/3.0-dev/mccode_config.json
real 0.76
user 1.93
sys 0.45
INFO: Using directory: "1e7"
INFO: Using existing c-file: ./ILL_IN5.c
INFO: Using existing binary: ./ILL_IN5.out
INFO: ===
Simulation 'ILL_IN5' (ILL_IN5.instr): running on 8 nodes (master is 'hypatia.fysik.dtu.dk', MPI version 3.1).
Instrument: ILL_IN5 (IN5 disk chopper time-of-flight spectrometer).
  Wavelength lambda=4.5 [Angs]
Chopper 0: L=0.000000 [m] V=890.117919 [rad/s] Phase=0.000000 [mu-sec]           op-times(0.000000+n*0.003529)s +/- 0.000176
Chopper 1: L=5.308300 [m] V=890.117919 [rad/s] Phase=6038.204920 [mu-sec]           op-times(0.006038+n*0.003529)s +/- 0.000176
Instrument: ILL_IN5 (IN5 disk chopper time-of-flight spectrometer).
  Wavelength lambda=4.5 [Angs]
Chopper 0: L=0.000000 [m] V=890.117919 [rad/s] Phase=0.000000 [mu-sec]           op-times(0.000000+n*0.003529)s +/- 0.000176
Chopper 1: L=5.308300 [m] V=890.117919 [rad/s] Phase=6038.204920 [mu-sec]           op-times(0.006038+n*0.003529)s +/- 0.000176
Instrument: ILL_IN5 (IN5 disk chopper time-of-flight spectrometer).
  Wavelength lambda=4.5 [Angs]
Chopper 0: L=0.000000 [m] V=890.117919 [rad/s] Phase=0.000000 [mu-sec]           op-times(0.000000+n*0.003529)s +/- 0.000176
Chopper 1: L=5.308300 [m] V=890.117919 [rad/s] Phase=6038.204920 [mu-sec]           op-times(0.006038+n*0.003529)s +/- 0.000176
Chopper 2: L=5.458300 [m] V=890.117919 [rad/s] Phase=6208.830306 [mu-sec]           op-times(0.006209+n*0.003529)s +/- 0.000176
Chopper 3: L=12.428900 [m] V=445.058959 [rad/s] Phase=14137.905757 [mu-sec]           op-times(0.014138+n*0.007059)s +/- 0.000373
Instrument: ILL_IN5 (IN5 disk chopper time-of-flight spectrometer).
  Wavelength lambda=4.5 [Angs]
Chopper 0: L=0.000000 [m] V=890.117919 [rad/s] Phase=0.000000 [mu-sec]           op-times(0.000000+n*0.003529)s +/- 0.000176
Chopper 1: L=5.308300 [m] V=890.117919 [rad/s] Phase=6038.204920 [mu-sec]           op-times(0.006038+n*0.003529)s +/- 0.000176
Chopper 2: L=5.458300 [m] V=890.117919 [rad/s] Phase=6208.830306 [mu-sec]           op-times(0.006209+n*0.003529)s +/- 0.000176
Chopper 3: L=12.428900 [m] V=445.058959 [rad/s] Phase=14137.905757 [mu-sec]           op-times(0.014138+n*0.007059)s +/- 0.000373
Instrument: ILL_IN5 (IN5 disk chopper time-of-flight spectrometer).
  Wavelength lambda=4.5 [Angs]
Chopper 0: L=0.000000 [m] V=890.117919 [rad/s] Phase=0.000000 [mu-sec]           op-times(0.000000+n*0.003529)s +/- 0.000176
Chopper 1: L=5.308300 [m] V=890.117919 [rad/s] Phase=6038.204920 [mu-sec]           op-times(0.006038+n*0.003529)s +/- 0.000176
Chopper 2: L=5.458300 [m] V=890.117919 [rad/s] Phase=6208.830306 [mu-sec]           op-times(0.006209+n*0.003529)s +/- 0.000176
Chopper 3: L=12.428900 [m] V=445.058959 [rad/s] Phase=14137.905757 [mu-sec]           op-times(0.014138+n*0.007059)s +/- 0.000373
Chopper 4: L=12.483900 [m] V=890.117919 [rad/s] Phase=14200.468398 [mu-sec]           op-times(0.014200+n*0.003529)s +/- 0.000186
Chopper 5: L=13.253900 [m] V=890.117919 [rad/s] Phase=15076.345381 [mu-sec]           op-times(0.015076+n*0.003529)s +/- 0.000064
Chopper 6: L=13.308900 [m] V=890.117919 [rad/s] Phase=15138.908023 [mu-sec]           op-times(0.015139+n*0.003529)s +/- 0.000064
Instrument: ILL_IN5 (IN5 disk chopper time-of-flight spectrometer).
  Wavelength lambda=4.5 [Angs]
Chopper 0: L=0.000000 [m] V=890.117919 [rad/s] Phase=0.000000 [mu-sec]           op-times(0.000000+n*0.003529)s +/- 0.000176
Chopper 1: L=5.308300 [m] V=890.117919 [rad/s] Phase=6038.204920 [mu-sec]           op-times(0.006038+n*0.003529)s +/- 0.000176
Chopper 2: L=5.458300 [m] V=890.117919 [rad/s] Phase=6208.830306 [mu-sec]           op-times(0.006209+n*0.003529)s +/- 0.000176
Chopper 3: L=12.428900 [m] V=445.058959 [rad/s] Phase=14137.905757 [mu-sec]           op-times(0.014138+n*0.007059)s +/- 0.000373
Chopper 4: L=12.483900 [m] V=890.117919 [rad/s] Phase=14200.468398 [mu-sec]           op-times(0.014200+n*0.003529)s +/- 0.000186
Chopper 5: L=13.253900 [m] V=890.117919 [rad/s] Phase=15076.345381 [mu-sec]           op-times(0.015076+n*0.003529)s +/- 0.000064
Chopper 6: L=13.308900 [m] V=890.117919 [rad/s] Phase=15138.908023 [mu-sec]           op-times(0.015139+n*0.003529)s +/- 0.000064
Instrument: ILL_IN5 (IN5 disk chopper time-of-flight spectrometer).
  Wavelength lambda=4.5 [Angs]
Chopper 0: L=0.000000 [m] V=890.117919 [rad/s] Phase=0.000000 [mu-sec]           op-times(0.000000+n*0.003529)s +/- 0.000176
Chopper 1: L=5.308300 [m] V=890.117919 [rad/s] Phase=6038.204920 [mu-sec]           op-times(0.006038+n*0.003529)s +/- 0.000176
Chopper 2: L=5.458300 [m] V=890.117919 [rad/s] Phase=6208.830306 [mu-sec]           op-times(0.006209+n*0.003529)s +/- 0.000176
Chopper 3: L=12.428900 [m] V=445.058959 [rad/s] Phase=14137.905757 [mu-sec]           op-times(0.014138+n*0.007059)s +/- 0.000373
Chopper 4: L=12.483900 [m] V=890.117919 [rad/s] Phase=14200.468398 [mu-sec]           op-times(0.014200+n*0.003529)s +/- 0.000186
Chopper 5: L=13.253900 [m] V=890.117919 [rad/s] Phase=15076.345381 [mu-sec]           op-times(0.015076+n*0.003529)s +/- 0.000064
Chopper 6: L=13.308900 [m] V=890.117919 [rad/s] Phase=15138.908023 [mu-sec]           op-times(0.015139+n*0.003529)s +/- 0.000064
Chopper 2: L=5.458300 [m] V=890.117919 [rad/s] Phase=6208.830306 [mu-sec]           op-times(0.006209+n*0.003529)s +/- 0.000176
Chopper 3: L=12.428900 [m] V=445.058959 [rad/s] Phase=14137.905757 [mu-sec]           op-times(0.014138+n*0.007059)s +/- 0.000373
Chopper 4: L=12.483900 [m] V=890.117919 [rad/s] Phase=14200.468398 [mu-sec]           op-times(0.014200+n*0.003529)s +/- 0.000186
Chopper 5: L=13.253900 [m] V=890.117919 [rad/s] Phase=15076.345381 [mu-sec]           op-times(0.015076+n*0.003529)s +/- 0.000064
Chopper 6: L=13.308900 [m] V=890.117919 [rad/s] Phase=15138.908023 [mu-sec]           op-times(0.015139+n*0.003529)s +/- 0.000064
Chopper 2: L=5.458300 [m] V=890.117919 [rad/s] Phase=6208.830306 [mu-sec]           op-times(0.006209+n*0.003529)s +/- 0.000176
Chopper 3: L=12.428900 [m] V=445.058959 [rad/s] Phase=14137.905757 [mu-sec]           op-times(0.014138+n*0.007059)s +/- 0.000373
Chopper 4: L=12.483900 [m] V=890.117919 [rad/s] Phase=14200.468398 [mu-sec]           op-times(0.014200+n*0.003529)s +/- 0.000186
Chopper 5: L=13.253900 [m] V=890.117919 [rad/s] Phase=15076.345381 [mu-sec]           op-times(0.015076+n*0.003529)s +/- 0.000064
Chopper 6: L=13.308900 [m] V=890.117919 [rad/s] Phase=15138.908023 [mu-sec]           op-times(0.015139+n*0.003529)s +/- 0.000064
Chopper 4: L=12.483900 [m] V=890.117919 [rad/s] Phase=14200.468398 [mu-sec]           op-times(0.014200+n*0.003529)s +/- 0.000186
Chopper 5: L=13.253900 [m] V=890.117919 [rad/s] Phase=15076.345381 [mu-sec]           op-times(0.015076+n*0.003529)s +/- 0.000064
Chopper 6: L=13.308900 [m] V=890.117919 [rad/s] Phase=15138.908023 [mu-sec]           op-times(0.015139+n*0.003529)s +/- 0.000064
Chopper 4: L=12.483900 [m] V=890.117919 [rad/s] Phase=14200.468398 [mu-sec]           op-times(0.014200+n*0.003529)s +/- 0.000186
Chopper 5: L=13.253900 [m] V=890.117919 [rad/s] Phase=15076.345381 [mu-sec]           op-times(0.015076+n*0.003529)s +/- 0.000064
Chopper 6: L=13.308900 [m] V=890.117919 [rad/s] Phase=15138.908023 [mu-sec]           op-times(0.015139+n*0.003529)s +/- 0.000064
Instrument: ILL_IN5 (IN5 disk chopper time-of-flight spectrometer).
  Wavelength lambda=4.5 [Angs]
Chopper 0: L=0.000000 [m] V=890.117919 [rad/s] Phase=0.000000 [mu-sec]           op-times(0.000000+n*0.003529)s +/- 0.000176
Chopper 1: L=5.308300 [m] V=890.117919 [rad/s] Phase=6038.204920 [mu-sec]           op-times(0.006038+n*0.003529)s +/- 0.000176
Chopper 2: L=5.458300 [m] V=890.117919 [rad/s] Phase=6208.830306 [mu-sec]           op-times(0.006209+n*0.003529)s +/- 0.000176
Chopper 3: L=12.428900 [m] V=445.058959 [rad/s] Phase=14137.905757 [mu-sec]           op-times(0.014138+n*0.007059)s +/- 0.000373
Chopper 4: L=12.483900 [m] V=890.117919 [rad/s] Phase=14200.468398 [mu-sec]           op-times(0.014200+n*0.003529)s +/- 0.000186
Chopper 5: L=13.253900 [m] V=890.117919 [rad/s] Phase=15076.345381 [mu-sec]           op-times(0.015076+n*0.003529)s +/- 0.000064
Chopper 6: L=13.308900 [m] V=890.117919 [rad/s] Phase=15138.908023 [mu-sec]           op-times(0.015139+n*0.003529)s +/- 0.000064
[ILL_IN5] Initialize
[ILL_IN5] Initialize
[ILL_IN5] Initialize
[ILL_IN5] Initialize
[ILL_IN5] Initialize
[ILL_IN5] Initialize
[ILL_IN5] Initialize
[ILL_IN5] Initialize
Source_gen: component VCS (square 0.14 x 0.22)
            focusing distance dist=2.55 area=0.038 x 0.2
            spectra 4.450 to 4.550 AA (3.952 to 4.131 meV)
            T1=216.8 K (2.093 AA), T2=33.9 K (5.292 AA), T3=16.7 K (7.539 AA)
  Flux is dPhi/dlambda in [n/s/cm2].
Monitor_nD: Det_sample_t is using automatic limits option 'auto' together with MPI.
WARNING     this may create incorrect distributions (but integrated flux will be right).
Isotropic_Sqw: SAMPLE: is a hollow cylinder: radius=0.015000 thickness=0.012500 height=0.060000 [J Comp Phys 228 (2009) 5251]
Opening input file '/u/data/pkwi/McStas/mcstas/3.0-dev/tools/Python/mcrun/../mccodelib/../../../data/Y3Fe5O12_YIG.laz' (Table_Read_Offset)
Opening input file '/u/data/pkwi/McStas/mcstas/3.0-dev/tools/Python/mcrun/../mccodelib/../../../data/Y3Fe5O12_YIG.laz' (Table_Read_Offset)
Isotropic_sqw: Converting 594 powder lines from Y3Fe5O12_YIG.laz into S(q,w) data
Isotropic_sqw: q range [0:11.7751], creating 1678 elements vector
Isotropic_Sqw: SAMPLE: Generated Y3Fe5O12_YIG.laz coherent Sqw
                   q=[0:11.7681 Angs-1] w=[0:0 meV] |S|=0.0250511 size=[1678x1] sigma=1036.16 [barns]
               Mainly elastic scattering.
Isotropic_Sqw: SAMPLE: Using Isotropic elastic incoherent scattering (sigma=19.672 [barns])
Isotropic_Sqw: SAMPLE: Sample temperature not defined (T=0).
Warning        Disabling detailed balance.
Isotropic_Sqw: SAMPLE: Focusing can only apply for single
               scattering. Setting to order=1.
Opening input file '/u/data/pkwi/McStas/mcstas/3.0-dev/tools/Python/mcrun/../mccodelib/../../../data/Fe.laz' (Table_Read_Offset)
Table from file 'Fe.laz' (block 1) is 17 x 18 (x=1:5), constant step. interpolation: linear
  '# TITLE *Iron-Fe-[IM3-M] Swanson, H.E.;Tatge, E.[1954] [Iron alpha phase];# ...'
PowderN: hous: Reading 17 rows from Fe.laz
PowderN: hous: Read 17 reflections from file 'Fe.laz'
PowderN: hous: Vc=24.04 [Angs] sigma_abs=5.12 [barn] sigma_inc=0.8 [barn] reflections=Fe.laz
Opening input file '/u/data/pkwi/McStas/mcstas/3.0-dev/tools/Python/mcrun/../mccodelib/../../../contrib/Gas_tables/He3inHe.table' (Table_Read_Offset)
Opening input file '/u/data/pkwi/McStas/mcstas/3.0-dev/tools/Python/mcrun/../mccodelib/../../../contrib/Gas_tables/He3inCF4.table' (Table_Read_Offset)
Opening input file '/u/data/pkwi/McStas/mcstas/3.0-dev/tools/Python/mcrun/../mccodelib/../../../contrib/Gas_tables/He3inHe.table' (Table_Read_Offset)
Opening input file '/u/data/pkwi/McStas/mcstas/3.0-dev/tools/Python/mcrun/../mccodelib/../../../contrib/Gas_tables/He3inCF4.table' (Table_Read_Offset)
Opening input file '/u/data/pkwi/McStas/mcstas/3.0-dev/tools/Python/mcrun/../mccodelib/../../../contrib/Gas_tables/He3inHe.table' (Table_Read_Offset)
Opening input file '/u/data/pkwi/McStas/mcstas/3.0-dev/tools/Python/mcrun/../mccodelib/../../../contrib/Gas_tables/He3inCF4.table' (Table_Read_Offset)
*** TRACE end *** 

Save [ILL_IN5]
Detector: Det_sample_t_I=3.82274e+07 Det_sample_t_ERR=202120 Det_sample_t_N=52620 "Det_sample_t_1633442102.t"
Detector: Det_ideal_ay_I=1.37382e+06 Det_ideal_ay_ERR=12226.1 Det_ideal_ay_N=18671 "Det_ideal_ay_1633442102.th_y"
Detector: Det_PSD_I=1.34789e+06 Det_PSD_ERR=12820 Det_PSD_N=17631 "in5det.dat"

Finally [ILL_IN5: 1e7]. Time: 1 [s] 

Finally [ILL_IN5: 1e7]. Time: 1 [s] 

Finally [ILL_IN5: 1e7]. Time: 1 [s] 

Finally [ILL_IN5: 1e7]. Time: 1 [s] 

Finally [ILL_IN5: 1e7]. Time: 1 [s] 

Finally [ILL_IN5: 1e7]. Time: 1 [s] 

Finally [ILL_IN5: 1e7]. Time: 1 [s] 
Detector: in5_t_I=2.69714e+06 in5_t_ERR=25659.7 in5_t_N=44588 "in5_t_1633442102.t"

Finally [ILL_IN5: 1e7]. Time: 1 [s] 
Isotropic_Sqw: SAMPLE: 25 neutron events (out of 45924) that should have
               scattered were transmitted because scattering conditions
WARNING        could not be satisfied after 100 tries.
Isotropic_Sqw: SAMPLE: Scattering fraction=0.431988 of incoming intensity
               Absorption fraction           =0.460419
               Single   scattering intensity =4.1591e+06 (coh=3.92765e+06 inc=231451)
               Multiple scattering intensity =0
INFO: Placing instr file copy ILL_IN5.instr in dataset 1e7
loading system configuration
loading user configuration from /home/nexmap/pkwi/.mcstas/3.0-dev/mccode_config.json
real 1.46
user 7.61
sys 0.42
INFO: Using directory: "1e8"
INFO: Using existing c-file: ./ILL_IN5.c
INFO: Using existing binary: ./ILL_IN5.out
INFO: ===
Simulation 'ILL_IN5' (ILL_IN5.instr): running on 8 nodes (master is 'hypatia.fysik.dtu.dk', MPI version 3.1).
Instrument: ILL_IN5 (IN5 disk chopper time-of-flight spectrometer).
  Wavelength lambda=4.5 [Angs]
Chopper 0: L=0.000000 [m] V=890.117919 [rad/s] Phase=0.000000 [mu-sec]           op-times(0.000000+n*0.003529)s +/- 0.000176
Instrument: ILL_IN5 (IN5 disk chopper time-of-flight spectrometer).
  Wavelength lambda=4.5 [Angs]
Chopper 0: L=0.000000 [m] V=890.117919 [rad/s] Phase=0.000000 [mu-sec]           op-times(0.000000+n*0.003529)s +/- 0.000176
Instrument: ILL_IN5 (IN5 disk chopper time-of-flight spectrometer).
  Wavelength lambda=4.5 [Angs]
Chopper 0: L=0.000000 [m] V=890.117919 [rad/s] Phase=0.000000 [mu-sec]           op-times(0.000000+n*0.003529)s +/- 0.000176
Chopper 1: L=5.308300 [m] V=890.117919 [rad/s] Phase=6038.204920 [mu-sec]           op-times(0.006038+n*0.003529)s +/- 0.000176
Chopper 2: L=5.458300 [m] V=890.117919 [rad/s] Phase=6208.830306 [mu-sec]           op-times(0.006209+n*0.003529)s +/- 0.000176
Chopper 3: L=12.428900 [m] V=445.058959 [rad/s] Phase=14137.905757 [mu-sec]           op-times(0.014138+n*0.007059)s +/- 0.000373
Chopper 4: L=12.483900 [m] V=890.117919 [rad/s] Phase=14200.468398 [mu-sec]           op-times(0.014200+n*0.003529)s +/- 0.000186
Instrument: ILL_IN5 (IN5 disk chopper time-of-flight spectrometer).
  Wavelength lambda=4.5 [Angs]
Chopper 0: L=0.000000 [m] V=890.117919 [rad/s] Phase=0.000000 [mu-sec]           op-times(0.000000+n*0.003529)s +/- 0.000176
Chopper 1: L=5.308300 [m] V=890.117919 [rad/s] Phase=6038.204920 [mu-sec]           op-times(0.006038+n*0.003529)s +/- 0.000176
Chopper 2: L=5.458300 [m] V=890.117919 [rad/s] Phase=6208.830306 [mu-sec]           op-times(0.006209+n*0.003529)s +/- 0.000176
Chopper 3: L=12.428900 [m] V=445.058959 [rad/s] Phase=14137.905757 [mu-sec]           op-times(0.014138+n*0.007059)s +/- 0.000373
Chopper 4: L=12.483900 [m] V=890.117919 [rad/s] Phase=14200.468398 [mu-sec]           op-times(0.014200+n*0.003529)s +/- 0.000186
Chopper 5: L=13.253900 [m] V=890.117919 [rad/s] Phase=15076.345381 [mu-sec]           op-times(0.015076+n*0.003529)s +/- 0.000064
Chopper 6: L=13.308900 [m] V=890.117919 [rad/s] Phase=15138.908023 [mu-sec]           op-times(0.015139+n*0.003529)s +/- 0.000064
Instrument: ILL_IN5 (IN5 disk chopper time-of-flight spectrometer).
  Wavelength lambda=4.5 [Angs]
Chopper 0: L=0.000000 [m] V=890.117919 [rad/s] Phase=0.000000 [mu-sec]           op-times(0.000000+n*0.003529)s +/- 0.000176
Chopper 1: L=5.308300 [m] V=890.117919 [rad/s] Phase=6038.204920 [mu-sec]           op-times(0.006038+n*0.003529)s +/- 0.000176
Chopper 2: L=5.458300 [m] V=890.117919 [rad/s] Phase=6208.830306 [mu-sec]           op-times(0.006209+n*0.003529)s +/- 0.000176
Chopper 3: L=12.428900 [m] V=445.058959 [rad/s] Phase=14137.905757 [mu-sec]           op-times(0.014138+n*0.007059)s +/- 0.000373
Chopper 4: L=12.483900 [m] V=890.117919 [rad/s] Phase=14200.468398 [mu-sec]           op-times(0.014200+n*0.003529)s +/- 0.000186
Chopper 5: L=13.253900 [m] V=890.117919 [rad/s] Phase=15076.345381 [mu-sec]           op-times(0.015076+n*0.003529)s +/- 0.000064
Chopper 6: L=13.308900 [m] V=890.117919 [rad/s] Phase=15138.908023 [mu-sec]           op-times(0.015139+n*0.003529)s +/- 0.000064
Instrument: ILL_IN5 (IN5 disk chopper time-of-flight spectrometer).
  Wavelength lambda=4.5 [Angs]
Chopper 0: L=0.000000 [m] V=890.117919 [rad/s] Phase=0.000000 [mu-sec]           op-times(0.000000+n*0.003529)s +/- 0.000176
Chopper 1: L=5.308300 [m] V=890.117919 [rad/s] Phase=6038.204920 [mu-sec]           op-times(0.006038+n*0.003529)s +/- 0.000176
Chopper 2: L=5.458300 [m] V=890.117919 [rad/s] Phase=6208.830306 [mu-sec]           op-times(0.006209+n*0.003529)s +/- 0.000176
Chopper 3: L=12.428900 [m] V=445.058959 [rad/s] Phase=14137.905757 [mu-sec]           op-times(0.014138+n*0.007059)s +/- 0.000373
Chopper 4: L=12.483900 [m] V=890.117919 [rad/s] Phase=14200.468398 [mu-sec]           op-times(0.014200+n*0.003529)s +/- 0.000186
Chopper 5: L=13.253900 [m] V=890.117919 [rad/s] Phase=15076.345381 [mu-sec]           op-times(0.015076+n*0.003529)s +/- 0.000064
Chopper 6: L=13.308900 [m] V=890.117919 [rad/s] Phase=15138.908023 [mu-sec]           op-times(0.015139+n*0.003529)s +/- 0.000064
Instrument: ILL_IN5 (IN5 disk chopper time-of-flight spectrometer).
  Wavelength lambda=4.5 [Angs]
Chopper 0: L=0.000000 [m] V=890.117919 [rad/s] Phase=0.000000 [mu-sec]           op-times(0.000000+n*0.003529)s +/- 0.000176
Chopper 1: L=5.308300 [m] V=890.117919 [rad/s] Phase=6038.204920 [mu-sec]           op-times(0.006038+n*0.003529)s +/- 0.000176
Chopper 2: L=5.458300 [m] V=890.117919 [rad/s] Phase=6208.830306 [mu-sec]           op-times(0.006209+n*0.003529)s +/- 0.000176
Chopper 3: L=12.428900 [m] V=445.058959 [rad/s] Phase=14137.905757 [mu-sec]           op-times(0.014138+n*0.007059)s +/- 0.000373
Chopper 4: L=12.483900 [m] V=890.117919 [rad/s] Phase=14200.468398 [mu-sec]           op-times(0.014200+n*0.003529)s +/- 0.000186
Chopper 5: L=13.253900 [m] V=890.117919 [rad/s] Phase=15076.345381 [mu-sec]           op-times(0.015076+n*0.003529)s +/- 0.000064
Chopper 6: L=13.308900 [m] V=890.117919 [rad/s] Phase=15138.908023 [mu-sec]           op-times(0.015139+n*0.003529)s +/- 0.000064
Chopper 1: L=5.308300 [m] V=890.117919 [rad/s] Phase=6038.204920 [mu-sec]           op-times(0.006038+n*0.003529)s +/- 0.000176
Chopper 2: L=5.458300 [m] V=890.117919 [rad/s] Phase=6208.830306 [mu-sec]           op-times(0.006209+n*0.003529)s +/- 0.000176
Chopper 3: L=12.428900 [m] V=445.058959 [rad/s] Phase=14137.905757 [mu-sec]           op-times(0.014138+n*0.007059)s +/- 0.000373
Chopper 4: L=12.483900 [m] V=890.117919 [rad/s] Phase=14200.468398 [mu-sec]           op-times(0.014200+n*0.003529)s +/- 0.000186
Chopper 5: L=13.253900 [m] V=890.117919 [rad/s] Phase=15076.345381 [mu-sec]           op-times(0.015076+n*0.003529)s +/- 0.000064
Chopper 6: L=13.308900 [m] V=890.117919 [rad/s] Phase=15138.908023 [mu-sec]           op-times(0.015139+n*0.003529)s +/- 0.000064
Chopper 1: L=5.308300 [m] V=890.117919 [rad/s] Phase=6038.204920 [mu-sec]           op-times(0.006038+n*0.003529)s +/- 0.000176
Chopper 2: L=5.458300 [m] V=890.117919 [rad/s] Phase=6208.830306 [mu-sec]           op-times(0.006209+n*0.003529)s +/- 0.000176
Chopper 3: L=12.428900 [m] V=445.058959 [rad/s] Phase=14137.905757 [mu-sec]           op-times(0.014138+n*0.007059)s +/- 0.000373
Chopper 4: L=12.483900 [m] V=890.117919 [rad/s] Phase=14200.468398 [mu-sec]           op-times(0.014200+n*0.003529)s +/- 0.000186
Chopper 5: L=13.253900 [m] V=890.117919 [rad/s] Phase=15076.345381 [mu-sec]           op-times(0.015076+n*0.003529)s +/- 0.000064
Chopper 6: L=13.308900 [m] V=890.117919 [rad/s] Phase=15138.908023 [mu-sec]           op-times(0.015139+n*0.003529)s +/- 0.000064
Chopper 5: L=13.253900 [m] V=890.117919 [rad/s] Phase=15076.345381 [mu-sec]           op-times(0.015076+n*0.003529)s +/- 0.000064
Chopper 6: L=13.308900 [m] V=890.117919 [rad/s] Phase=15138.908023 [mu-sec]           op-times(0.015139+n*0.003529)s +/- 0.000064
Instrument: ILL_IN5 (IN5 disk chopper time-of-flight spectrometer).
  Wavelength lambda=4.5 [Angs]
Chopper 0: L=0.000000 [m] V=890.117919 [rad/s] Phase=0.000000 [mu-sec]           op-times(0.000000+n*0.003529)s +/- 0.000176
Chopper 1: L=5.308300 [m] V=890.117919 [rad/s] Phase=6038.204920 [mu-sec]           op-times(0.006038+n*0.003529)s +/- 0.000176
Chopper 2: L=5.458300 [m] V=890.117919 [rad/s] Phase=6208.830306 [mu-sec]           op-times(0.006209+n*0.003529)s +/- 0.000176
Chopper 3: L=12.428900 [m] V=445.058959 [rad/s] Phase=14137.905757 [mu-sec]           op-times(0.014138+n*0.007059)s +/- 0.000373
Chopper 4: L=12.483900 [m] V=890.117919 [rad/s] Phase=14200.468398 [mu-sec]           op-times(0.014200+n*0.003529)s +/- 0.000186
[ILL_IN5] Initialize
[ILL_IN5] Initialize
[ILL_IN5] Initialize
[ILL_IN5] Initialize
[ILL_IN5] Initialize
[ILL_IN5] Initialize
Chopper 5: L=13.253900 [m] V=890.117919 [rad/s] Phase=15076.345381 [mu-sec]           op-times(0.015076+n*0.003529)s +/- 0.000064
Chopper 6: L=13.308900 [m] V=890.117919 [rad/s] Phase=15138.908023 [mu-sec]           op-times(0.015139+n*0.003529)s +/- 0.000064
[ILL_IN5] Initialize
[ILL_IN5] Initialize
Source_gen: component VCS (square 0.14 x 0.22)
            focusing distance dist=2.55 area=0.038 x 0.2
            spectra 4.450 to 4.550 AA (3.952 to 4.131 meV)
            T1=216.8 K (2.093 AA), T2=33.9 K (5.292 AA), T3=16.7 K (7.539 AA)
  Flux is dPhi/dlambda in [n/s/cm2].
Monitor_nD: Det_sample_t is using automatic limits option 'auto' together with MPI.
WARNING     this may create incorrect distributions (but integrated flux will be right).
Isotropic_Sqw: SAMPLE: is a hollow cylinder: radius=0.015000 thickness=0.012500 height=0.060000 [J Comp Phys 228 (2009) 5251]
Opening input file '/u/data/pkwi/McStas/mcstas/3.0-dev/tools/Python/mcrun/../mccodelib/../../../data/Y3Fe5O12_YIG.laz' (Table_Read_Offset)
Opening input file '/u/data/pkwi/McStas/mcstas/3.0-dev/tools/Python/mcrun/../mccodelib/../../../data/Y3Fe5O12_YIG.laz' (Table_Read_Offset)
Isotropic_sqw: Converting 594 powder lines from Y3Fe5O12_YIG.laz into S(q,w) data
Isotropic_sqw: q range [0:11.7751], creating 1678 elements vector
Isotropic_Sqw: SAMPLE: Generated Y3Fe5O12_YIG.laz coherent Sqw
                   q=[0:11.7681 Angs-1] w=[0:0 meV] |S|=0.0250511 size=[1678x1] sigma=1036.16 [barns]
               Mainly elastic scattering.
Isotropic_Sqw: SAMPLE: Using Isotropic elastic incoherent scattering (sigma=19.672 [barns])
Isotropic_Sqw: SAMPLE: Sample temperature not defined (T=0).
Warning        Disabling detailed balance.
Isotropic_Sqw: SAMPLE: Focusing can only apply for single
               scattering. Setting to order=1.
Opening input file '/u/data/pkwi/McStas/mcstas/3.0-dev/tools/Python/mcrun/../mccodelib/../../../data/Fe.laz' (Table_Read_Offset)
Table from file 'Fe.laz' (block 1) is 17 x 18 (x=1:5), constant step. interpolation: linear
  '# TITLE *Iron-Fe-[IM3-M] Swanson, H.E.;Tatge, E.[1954] [Iron alpha phase];# ...'
PowderN: hous: Reading 17 rows from Fe.laz
PowderN: hous: Read 17 reflections from file 'Fe.laz'
PowderN: hous: Vc=24.04 [Angs] sigma_abs=5.12 [barn] sigma_inc=0.8 [barn] reflections=Fe.laz
Opening input file '/u/data/pkwi/McStas/mcstas/3.0-dev/tools/Python/mcrun/../mccodelib/../../../contrib/Gas_tables/He3inHe.table' (Table_Read_Offset)
Opening input file '/u/data/pkwi/McStas/mcstas/3.0-dev/tools/Python/mcrun/../mccodelib/../../../contrib/Gas_tables/He3inCF4.table' (Table_Read_Offset)
Opening input file '/u/data/pkwi/McStas/mcstas/3.0-dev/tools/Python/mcrun/../mccodelib/../../../contrib/Gas_tables/He3inHe.table' (Table_Read_Offset)
Opening input file '/u/data/pkwi/McStas/mcstas/3.0-dev/tools/Python/mcrun/../mccodelib/../../../contrib/Gas_tables/He3inCF4.table' (Table_Read_Offset)
Opening input file '/u/data/pkwi/McStas/mcstas/3.0-dev/tools/Python/mcrun/../mccodelib/../../../contrib/Gas_tables/He3inHe.table' (Table_Read_Offset)
Opening input file '/u/data/pkwi/McStas/mcstas/3.0-dev/tools/Python/mcrun/../mccodelib/../../../contrib/Gas_tables/He3inCF4.table' (Table_Read_Offset)
*** TRACE end *** 

Save [ILL_IN5]
Detector: Det_sample_t_I=3.80604e+07 Det_sample_t_ERR=63763.3 Det_sample_t_N=524410 "Det_sample_t_1633442104.t"
Detector: Det_ideal_ay_I=1.36489e+06 Det_ideal_ay_ERR=3852.5 Det_ideal_ay_N=186029 "Det_ideal_ay_1633442104.th_y"
Detector: Det_PSD_I=1.33571e+06 Det_PSD_ERR=4034.54 Det_PSD_N=175851 "in5det.dat"

Finally [ILL_IN5: 1e8]. Time: 7 [s] 

Finally [ILL_IN5: 1e8]. Time: 7 [s] 

Finally [ILL_IN5: 1e8]. Time: 7 [s] 

Finally [ILL_IN5: 1e8]. Time: 7 [s] 

Finally [ILL_IN5: 1e8]. Time: 7 [s] 

Finally [ILL_IN5: 1e8]. Time: 7 [s] 
Detector: in5_t_I=2.71515e+06 in5_t_ERR=8149.78 in5_t_N=444735 "in5_t_1633442104.t"

Finally [ILL_IN5: 1e8]. Time: 7 [s] 

Finally [ILL_IN5: 1e8]. Time: 7 [s] 
Isotropic_Sqw: SAMPLE: 289 neutron events (out of 458362) that should have
               scattered were transmitted because scattering conditions
WARNING        could not be satisfied after 100 tries.
Isotropic_Sqw: SAMPLE: Scattering fraction=0.432143 of incoming intensity
               Absorption fraction           =0.460427
               Single   scattering intensity =4.16129e+06 (coh=3.92981e+06 inc=231472)
               Multiple scattering intensity =0
INFO: Placing instr file copy ILL_IN5.instr in dataset 1e8
loading system configuration
loading user configuration from /home/nexmap/pkwi/.mcstas/3.0-dev/mccode_config.json
real 8.04
user 59.88
sys 0.43
